[2020-01-12 20:45:13] [pool-5-thread-1 INFO] CustomSkinLoader 14.11
[2020-01-12 20:45:13] [pool-5-thread-1 INFO] DataDir: F:\MinecraftServers\客户端\.minecraft\CustomSkinLoader
[2020-01-12 20:45:13] [pool-5-thread-1 INFO] Minecraft: 1.12.2(1.12.2)
[2020-01-12 20:45:13] [pool-5-thread-1 INFO] Config File: F:\MinecraftServers\客户端\.minecraft\CustomSkinLoader\CustomSkinLoader.json
[2020-01-12 20:45:13] [pool-5-thread-1 INFO] Try to load config.
[2020-01-12 20:45:14] [pool-5-thread-1 INFO] Successfully load config.
[2020-01-12 20:45:14] [pool-5-thread-1 INFO] version : 14.11
[2020-01-12 20:45:14] [pool-5-thread-1 INFO] enableDynamicSkull : true
[2020-01-12 20:45:14] [pool-5-thread-1 INFO] enableTransparentSkin : true
[2020-01-12 20:45:14] [pool-5-thread-1 INFO] ignoreHttpsCertificate : false
[2020-01-12 20:45:14] [pool-5-thread-1 INFO] forceLoadAllTextures : false
[2020-01-12 20:45:14] [pool-5-thread-1 INFO] enableCape : true
[2020-01-12 20:45:14] [pool-5-thread-1 INFO] cacheExpiry : 30
[2020-01-12 20:45:14] [pool-5-thread-1 INFO] enableUpdateSkull : false
[2020-01-12 20:45:14] [pool-5-thread-1 INFO] enableLocalProfileCache : false
[2020-01-12 20:45:14] [pool-5-thread-1 INFO] enableCacheAutoClean : false
[2020-01-12 20:45:14] [pool-5-thread-1 INFO] loadList : 2
[2020-01-12 20:45:14] [yinn INFO] Loading yinn's profile.
[2020-01-12 20:45:14] [yinn INFO] 1/2 Try to load profile from 'LocalSkin'.
[2020-01-12 20:45:14] [yinn INFO] Both skin and cape not found.
[2020-01-12 20:45:14] [yinn INFO] 2/2 Try to load profile from 'GlitchlessGames'.
[2020-01-12 20:45:14] [yinn DEBUG] Try to request 'https://games.glitchless.ru/api/minecraft/users/profiles/textures/?nickname=yinn'.
[2020-01-12 20:45:17] [yinn DEBUG] Failed to request (Response Code: 404)
[2020-01-12 20:45:17] [yinn INFO] Profile not found.
[2020-01-12 20:45:17] [yinn INFO] yinn's profile not found in load list.
[2020-01-12 21:25:19] [yinn INFO] Loading yinn's profile.
[2020-01-12 21:25:19] [yinn INFO] 1/2 Try to load profile from 'LocalSkin'.
[2020-01-12 21:25:19] [yinn INFO] Both skin and cape not found.
[2020-01-12 21:25:19] [yinn INFO] 2/2 Try to load profile from 'GlitchlessGames'.
[2020-01-12 21:25:19] [yinn DEBUG] Try to request 'https://games.glitchless.ru/api/minecraft/users/profiles/textures/?nickname=yinn'.
[2020-01-12 21:25:19] [yinn DEBUG] Failed to request (Response Code: 404)
[2020-01-12 21:25:19] [yinn INFO] Profile not found.
[2020-01-12 21:25:19] [yinn INFO] yinn's profile not found in load list.
[2020-01-12 21:32:38] [yinn INFO] Loading yinn's profile.
[2020-01-12 21:32:38] [yinn INFO] 1/2 Try to load profile from 'LocalSkin'.
[2020-01-12 21:32:38] [yinn INFO] Both skin and cape not found.
[2020-01-12 21:32:38] [yinn INFO] 2/2 Try to load profile from 'GlitchlessGames'.
[2020-01-12 21:32:38] [yinn DEBUG] Try to request 'https://games.glitchless.ru/api/minecraft/users/profiles/textures/?nickname=yinn'.
[2020-01-12 21:32:42] [yinn DEBUG] Failed to request (Response Code: 404)
[2020-01-12 21:32:42] [yinn INFO] Profile not found.
[2020-01-12 21:32:42] [yinn INFO] yinn's profile not found in load list.
[2020-01-12 21:33:55] [yinn INFO] Loading yinn's profile.
[2020-01-12 21:33:55] [yinn INFO] 1/2 Try to load profile from 'LocalSkin'.
[2020-01-12 21:33:55] [yinn INFO] Both skin and cape not found.
[2020-01-12 21:33:55] [yinn INFO] 2/2 Try to load profile from 'GlitchlessGames'.
[2020-01-12 21:33:55] [yinn DEBUG] Try to request 'https://games.glitchless.ru/api/minecraft/users/profiles/textures/?nickname=yinn'.
[2020-01-12 21:33:56] [yinn DEBUG] Failed to request (Response Code: 404)
[2020-01-12 21:33:56] [yinn INFO] Profile not found.
[2020-01-12 21:33:56] [yinn INFO] yinn's profile not found in load list.
[2020-01-12 21:36:41] [yinn INFO] Loading yinn's profile.
[2020-01-12 21:36:41] [yinn INFO] 1/2 Try to load profile from 'LocalSkin'.
[2020-01-12 21:36:41] [yinn INFO] Both skin and cape not found.
[2020-01-12 21:36:41] [yinn INFO] 2/2 Try to load profile from 'GlitchlessGames'.
[2020-01-12 21:36:41] [yinn DEBUG] Try to request 'https://games.glitchless.ru/api/minecraft/users/profiles/textures/?nickname=yinn'.
[2020-01-12 21:36:43] [yinn DEBUG] Failed to request (Response Code: 404)
[2020-01-12 21:36:43] [yinn INFO] Profile not found.
[2020-01-12 21:36:43] [yinn INFO] yinn's profile not found in load list.
[2020-01-12 21:39:28] [_J INFO] Loading _J's profile.
[2020-01-12 21:39:28] [_J INFO] 1/2 Try to load profile from 'LocalSkin'.
[2020-01-12 21:39:28] [_J INFO] Both skin and cape not found.
[2020-01-12 21:39:28] [_J INFO] 2/2 Try to load profile from 'GlitchlessGames'.
[2020-01-12 21:39:28] [_J DEBUG] Try to request 'https://games.glitchless.ru/api/minecraft/users/profiles/textures/?nickname=_J'.
[2020-01-12 21:39:29] [_J DEBUG] Failed to request (Response Code: 404)
[2020-01-12 21:39:29] [_J INFO] Profile not found.
[2020-01-12 21:39:29] [_J INFO] _J's profile not found in load list.
[2020-01-12 22:15:31] [_J INFO] Loading _J's profile.
[2020-01-12 22:15:31] [_J INFO] 1/2 Try to load profile from 'LocalSkin'.
[2020-01-12 22:15:31] [_J INFO] Both skin and cape not found.
[2020-01-12 22:15:31] [_J INFO] 2/2 Try to load profile from 'GlitchlessGames'.
[2020-01-12 22:15:31] [_J DEBUG] Try to request 'https://games.glitchless.ru/api/minecraft/users/profiles/textures/?nickname=_J'.
[2020-01-12 22:15:33] [_J DEBUG] Failed to request (Response Code: 404)
[2020-01-12 22:15:33] [_J INFO] Profile not found.
[2020-01-12 22:15:33] [_J INFO] _J's profile not found in load list.
