[21十月2019 00:00:07.480] [Client thread/ERROR] [net.minecraft.client.MainWindow/]: ########## GL ERROR ##########
[21十月2019 00:00:07.583] [Client thread/ERROR] [net.minecraft.client.MainWindow/]: @ Render
[21十月2019 00:00:07.583] [Client thread/ERROR] [net.minecraft.client.MainWindow/]: 65539: Invalid key 0
[21十月2019 00:00:07.583] [Client thread/ERROR] [net.minecraft.client.MainWindow/]: ########## GL ERROR ##########
[21十月2019 00:00:07.584] [Client thread/ERROR] [net.minecraft.client.MainWindow/]: @ Render
[21十月2019 00:00:07.584] [Client thread/ERROR] [net.minecraft.client.MainWindow/]: 65539: Invalid key 0
[21十月2019 00:00:07.584] [Client thread/ERROR] [net.minecraft.client.MainWindow/]: ########## GL ERROR ##########
[21十月2019 00:00:07.584] [Client thread/ERROR] [net.minecraft.client.MainWindow/]: @ Render
[21十月2019 00:00:07.584] [Client thread/ERROR] [net.minecraft.client.MainWindow/]: 65539: Invalid key 0
[21十月2019 00:00:17.216] [Client thread/INFO] [net.minecraft.advancements.AdvancementList/]: Loaded 133 advancements
[21十月2019 00:00:34.491] [Client thread/WARN] [net.minecraft.client.network.play.ClientPlayNetHandler/]: Received passengers for unknown entity
[21十月2019 00:00:34.756] [Client thread/WARN] [net.minecraft.client.network.play.ClientPlayNetHandler/]: Received passengers for unknown entity
[21十月2019 00:00:39.687] [Client thread/INFO] [net.minecraft.advancements.AdvancementList/]: Loaded 151 advancements
[21十月2019 00:00:40.208] [Client thread/INFO] [net.minecraft.advancements.AdvancementList/]: Loaded 151 advancements
[21十月2019 00:00:53.698] [Client thread/ERROR] [net.minecraft.client.MainWindow/]: ########## GL ERROR ##########
[21十月2019 00:00:53.698] [Client thread/ERROR] [net.minecraft.client.MainWindow/]: @ Pre render
[21十月2019 00:00:53.698] [Client thread/ERROR] [net.minecraft.client.MainWindow/]: 65539: Invalid key 0
[21十月2019 00:00:53.698] [Client thread/ERROR] [net.minecraft.client.MainWindow/]: ########## GL ERROR ##########
[21十月2019 00:00:53.698] [Client thread/ERROR] [net.minecraft.client.MainWindow/]: @ Pre render
[21十月2019 00:00:53.698] [Client thread/ERROR] [net.minecraft.client.MainWindow/]: 65539: Invalid key 0
[21十月2019 00:00:53.698] [Client thread/ERROR] [net.minecraft.client.MainWindow/]: ########## GL ERROR ##########
[21十月2019 00:00:53.698] [Client thread/ERROR] [net.minecraft.client.MainWindow/]: @ Pre render
[21十月2019 00:00:53.698] [Client thread/ERROR] [net.minecraft.client.MainWindow/]: 65539: Invalid key 0
[21十月2019 00:02:00.053] [Client thread/ERROR] [net.minecraft.client.MainWindow/]: ########## GL ERROR ##########
[21十月2019 00:02:00.053] [Client thread/ERROR] [net.minecraft.client.MainWindow/]: @ Render
[21十月2019 00:02:00.053] [Client thread/ERROR] [net.minecraft.client.MainWindow/]: 65539: Invalid key 0
[21十月2019 00:02:00.053] [Client thread/ERROR] [net.minecraft.client.MainWindow/]: ########## GL ERROR ##########
[21十月2019 00:02:00.053] [Client thread/ERROR] [net.minecraft.client.MainWindow/]: @ Render
[21十月2019 00:02:00.053] [Client thread/ERROR] [net.minecraft.client.MainWindow/]: 65539: Invalid key 0
[21十月2019 00:02:00.054] [Client thread/ERROR] [net.minecraft.client.MainWindow/]: ########## GL ERROR ##########
[21十月2019 00:02:00.054] [Client thread/ERROR] [net.minecraft.client.MainWindow/]: @ Render
[21十月2019 00:02:00.054] [Client thread/ERROR] [net.minecraft.client.MainWindow/]: 65539: Invalid key 0
[21十月2019 00:05:15.127] [Client thread/ERROR] [net.minecraft.client.MainWindow/]: ########## GL ERROR ##########
[21十月2019 00:05:15.127] [Client thread/ERROR] [net.minecraft.client.MainWindow/]: @ Render
[21十月2019 00:05:15.127] [Client thread/ERROR] [net.minecraft.client.MainWindow/]: 65539: Invalid key 0
[21十月2019 00:05:15.128] [Client thread/ERROR] [net.minecraft.client.MainWindow/]: ########## GL ERROR ##########
[21十月2019 00:05:15.128] [Client thread/ERROR] [net.minecraft.client.MainWindow/]: @ Render
[21十月2019 00:05:15.128] [Client thread/ERROR] [net.minecraft.client.MainWindow/]: 65539: Invalid key 0
[21十月2019 00:05:15.128] [Client thread/ERROR] [net.minecraft.client.MainWindow/]: ########## GL ERROR ##########
[21十月2019 00:05:15.128] [Client thread/ERROR] [net.minecraft.client.MainWindow/]: @ Render
[21十月2019 00:05:15.128] [Client thread/ERROR] [net.minecraft.client.MainWindow/]: 65539: Invalid key 0
[21十月2019 00:06:08.612] [Client thread/ERROR] [net.minecraft.client.MainWindow/]: ########## GL ERROR ##########
[21十月2019 00:06:08.612] [Client thread/ERROR] [net.minecraft.client.MainWindow/]: @ Render
[21十月2019 00:06:08.612] [Client thread/ERROR] [net.minecraft.client.MainWindow/]: 65539: Invalid key 0
[21十月2019 00:06:08.612] [Client thread/ERROR] [net.minecraft.client.MainWindow/]: ########## GL ERROR ##########
[21十月2019 00:06:08.612] [Client thread/ERROR] [net.minecraft.client.MainWindow/]: @ Render
[21十月2019 00:06:08.612] [Client thread/ERROR] [net.minecraft.client.MainWindow/]: 65539: Invalid key 0
[21十月2019 00:06:08.613] [Client thread/ERROR] [net.minecraft.client.MainWindow/]: ########## GL ERROR ##########
[21十月2019 00:06:08.613] [Client thread/ERROR] [net.minecraft.client.MainWindow/]: @ Render
[21十月2019 00:06:08.613] [Client thread/ERROR] [net.minecraft.client.MainWindow/]: 65539: Invalid key 0
[21十月2019 00:06:49.809] [Client thread/ERROR] [net.minecraft.client.MainWindow/]: ########## GL ERROR ##########
[21十月2019 00:06:49.810] [Client thread/ERROR] [net.minecraft.client.MainWindow/]: @ Render
[21十月2019 00:06:49.810] [Client thread/ERROR] [net.minecraft.client.MainWindow/]: 65539: Invalid key 0
[21十月2019 00:06:49.810] [Client thread/ERROR] [net.minecraft.client.MainWindow/]: ########## GL ERROR ##########
[21十月2019 00:06:49.810] [Client thread/ERROR] [net.minecraft.client.MainWindow/]: @ Render
[21十月2019 00:06:49.810] [Client thread/ERROR] [net.minecraft.client.MainWindow/]: 65539: Invalid key 0
[21十月2019 00:06:49.810] [Client thread/ERROR] [net.minecraft.client.MainWindow/]: ########## GL ERROR ##########
[21十月2019 00:06:49.810] [Client thread/ERROR] [net.minecraft.client.MainWindow/]: @ Render
[21十月2019 00:06:49.810] [Client thread/ERROR] [net.minecraft.client.MainWindow/]: 65539: Invalid key 0
[21十月2019 00:07:12.596] [Client thread/INFO] [net.minecraft.advancements.AdvancementList/]: Loaded 151 advancements
[21十月2019 00:07:23.899] [Client thread/WARN] [net.minecraft.client.network.play.ClientPlayNetHandler/]: Received passengers for unknown entity
[21十月2019 00:07:23.901] [Client thread/WARN] [net.minecraft.client.network.play.ClientPlayNetHandler/]: Received passengers for unknown entity
[21十月2019 00:07:38.459] [Client thread/INFO] [net.minecraft.advancements.AdvancementList/]: Loaded 157 advancements
[21十月2019 00:07:40.374] [Client thread/INFO] [net.minecraft.client.gui.NewChatGui/]: [CHAT] 你升级了!
[21十月2019 00:07:40.375] [Client thread/INFO] [net.minecraft.client.gui.NewChatGui/]: [CHAT] You have 2 Unspent Stat points. Click to Open Gui
[21十月2019 00:07:40.375] [Client thread/INFO] [net.minecraft.client.gui.NewChatGui/]: [CHAT] You have 2 Unspent Talent points. Click to Open Talents
[21十月2019 00:08:03.785] [Client thread/ERROR] [net.minecraft.client.MainWindow/]: ########## GL ERROR ##########
[21十月2019 00:08:03.785] [Client thread/ERROR] [net.minecraft.client.MainWindow/]: @ Pre render
[21十月2019 00:08:03.785] [Client thread/ERROR] [net.minecraft.client.MainWindow/]: 65539: Invalid key 0
[21十月2019 00:08:03.785] [Client thread/ERROR] [net.minecraft.client.MainWindow/]: ########## GL ERROR ##########
[21十月2019 00:08:03.785] [Client thread/ERROR] [net.minecraft.client.MainWindow/]: @ Pre render
[21十月2019 00:08:03.785] [Client thread/ERROR] [net.minecraft.client.MainWindow/]: 65539: Invalid key 0
[21十月2019 00:08:03.785] [Client thread/ERROR] [net.minecraft.client.MainWindow/]: ########## GL ERROR ##########
[21十月2019 00:08:03.785] [Client thread/ERROR] [net.minecraft.client.MainWindow/]: @ Pre render
[21十月2019 00:08:03.785] [Client thread/ERROR] [net.minecraft.client.MainWindow/]: 65539: Invalid key 0
[21十月2019 00:08:09.436] [Client thread/WARN] [net.minecraft.client.network.play.ClientPlayNetHandler/]: Received passengers for unknown entity
[21十月2019 00:08:09.436] [Client thread/WARN] [net.minecraft.client.network.play.ClientPlayNetHandler/]: Received passengers for unknown entity
[21十月2019 00:08:17.661] [Client thread/ERROR] [net.minecraft.client.MainWindow/]: ########## GL ERROR ##########
[21十月2019 00:08:17.661] [Client thread/ERROR] [net.minecraft.client.MainWindow/]: @ Render
[21十月2019 00:08:17.661] [Client thread/ERROR] [net.minecraft.client.MainWindow/]: 65539: Invalid key 0
[21十月2019 00:08:17.661] [Client thread/ERROR] [net.minecraft.client.MainWindow/]: ########## GL ERROR ##########
[21十月2019 00:08:17.662] [Client thread/ERROR] [net.minecraft.client.MainWindow/]: @ Render
[21十月2019 00:08:17.662] [Client thread/ERROR] [net.minecraft.client.MainWindow/]: 65539: Invalid key 0
[21十月2019 00:08:17.662] [Client thread/ERROR] [net.minecraft.client.MainWindow/]: ########## GL ERROR ##########
[21十月2019 00:08:17.662] [Client thread/ERROR] [net.minecraft.client.MainWindow/]: @ Render
[21十月2019 00:08:17.662] [Client thread/ERROR] [net.minecraft.client.MainWindow/]: 65539: Invalid key 0
[21十月2019 00:08:38.123] [Client thread/ERROR] [net.minecraft.client.MainWindow/]: ########## GL ERROR ##########
[21十月2019 00:08:38.123] [Client thread/ERROR] [net.minecraft.client.MainWindow/]: @ Render
[21十月2019 00:08:38.123] [Client thread/ERROR] [net.minecraft.client.MainWindow/]: 65539: Invalid key 0
[21十月2019 00:08:38.123] [Client thread/ERROR] [net.minecraft.client.MainWindow/]: ########## GL ERROR ##########
[21十月2019 00:08:38.123] [Client thread/ERROR] [net.minecraft.client.MainWindow/]: @ Render
[21十月2019 00:08:38.123] [Client thread/ERROR] [net.minecraft.client.MainWindow/]: 65539: Invalid key 0
[21十月2019 00:08:38.123] [Client thread/ERROR] [net.minecraft.client.MainWindow/]: ########## GL ERROR ##########
[21十月2019 00:08:38.123] [Client thread/ERROR] [net.minecraft.client.MainWindow/]: @ Render
[21十月2019 00:08:38.123] [Client thread/ERROR] [net.minecraft.client.MainWindow/]: 65539: Invalid key 0
[21十月2019 00:11:02.855] [Client thread/ERROR] [net.minecraft.client.MainWindow/]: ########## GL ERROR ##########
[21十月2019 00:11:02.855] [Client thread/ERROR] [net.minecraft.client.MainWindow/]: @ Render
[21十月2019 00:11:02.855] [Client thread/ERROR] [net.minecraft.client.MainWindow/]: 65539: Invalid key 0
[21十月2019 00:11:02.856] [Client thread/ERROR] [net.minecraft.client.MainWindow/]: ########## GL ERROR ##########
[21十月2019 00:11:02.856] [Client thread/ERROR] [net.minecraft.client.MainWindow/]: @ Render
[21十月2019 00:11:02.856] [Client thread/ERROR] [net.minecraft.client.MainWindow/]: 65539: Invalid key 0
[21十月2019 00:11:02.856] [Client thread/ERROR] [net.minecraft.client.MainWindow/]: ########## GL ERROR ##########
[21十月2019 00:11:02.856] [Client thread/ERROR] [net.minecraft.client.MainWindow/]: @ Render
[21十月2019 00:11:02.856] [Client thread/ERROR] [net.minecraft.client.MainWindow/]: 65539: Invalid key 0
[21十月2019 00:11:07.978] [Client thread/ERROR] [net.minecraft.client.MainWindow/]: ########## GL ERROR ##########
[21十月2019 00:11:07.978] [Client thread/ERROR] [net.minecraft.client.MainWindow/]: @ Render
[21十月2019 00:11:07.978] [Client thread/ERROR] [net.minecraft.client.MainWindow/]: 65539: Invalid key 0
[21十月2019 00:11:07.978] [Client thread/ERROR] [net.minecraft.client.MainWindow/]: ########## GL ERROR ##########
[21十月2019 00:11:07.978] [Client thread/ERROR] [net.minecraft.client.MainWindow/]: @ Render
[21十月2019 00:11:07.978] [Client thread/ERROR] [net.minecraft.client.MainWindow/]: 65539: Invalid key 0
[21十月2019 00:11:07.979] [Client thread/ERROR] [net.minecraft.client.MainWindow/]: ########## GL ERROR ##########
[21十月2019 00:11:07.979] [Client thread/ERROR] [net.minecraft.client.MainWindow/]: @ Render
[21十月2019 00:11:07.979] [Client thread/ERROR] [net.minecraft.client.MainWindow/]: 65539: Invalid key 0
[21十月2019 00:11:14.166] [Client thread/ERROR] [net.minecraft.client.MainWindow/]: ########## GL ERROR ##########
[21十月2019 00:11:14.167] [Client thread/ERROR] [net.minecraft.client.MainWindow/]: @ Render
[21十月2019 00:11:14.167] [Client thread/ERROR] [net.minecraft.client.MainWindow/]: 65539: Invalid key 0
[21十月2019 00:11:14.167] [Client thread/ERROR] [net.minecraft.client.MainWindow/]: ########## GL ERROR ##########
[21十月2019 00:11:14.167] [Client thread/ERROR] [net.minecraft.client.MainWindow/]: @ Render
[21十月2019 00:11:14.167] [Client thread/ERROR] [net.minecraft.client.MainWindow/]: 65539: Invalid key 0
[21十月2019 00:11:14.167] [Client thread/ERROR] [net.minecraft.client.MainWindow/]: ########## GL ERROR ##########
[21十月2019 00:11:14.167] [Client thread/ERROR] [net.minecraft.client.MainWindow/]: @ Render
[21十月2019 00:11:14.167] [Client thread/ERROR] [net.minecraft.client.MainWindow/]: 65539: Invalid key 0
[21十月2019 00:11:14.780] [Client thread/INFO] [net.minecraft.advancements.AdvancementList/]: Loaded 159 advancements
[21十月2019 00:11:33.976] [Client thread/ERROR] [net.minecraft.client.MainWindow/]: ########## GL ERROR ##########
[21十月2019 00:11:33.976] [Client thread/ERROR] [net.minecraft.client.MainWindow/]: @ Render
[21十月2019 00:11:33.976] [Client thread/ERROR] [net.minecraft.client.MainWindow/]: 65539: Invalid key 0
[21十月2019 00:11:33.976] [Client thread/ERROR] [net.minecraft.client.MainWindow/]: ########## GL ERROR ##########
[21十月2019 00:11:33.976] [Client thread/ERROR] [net.minecraft.client.MainWindow/]: @ Render
[21十月2019 00:11:33.976] [Client thread/ERROR] [net.minecraft.client.MainWindow/]: 65539: Invalid key 0
[21十月2019 00:11:33.976] [Client thread/ERROR] [net.minecraft.client.MainWindow/]: ########## GL ERROR ##########
[21十月2019 00:11:33.976] [Client thread/ERROR] [net.minecraft.client.MainWindow/]: @ Render
[21十月2019 00:11:33.976] [Client thread/ERROR] [net.minecraft.client.MainWindow/]: 65539: Invalid key 0
[21十月2019 00:11:37.483] [Client thread/ERROR] [net.minecraft.client.MainWindow/]: ########## GL ERROR ##########
[21十月2019 00:11:37.483] [Client thread/ERROR] [net.minecraft.client.MainWindow/]: @ Render
[21十月2019 00:11:37.484] [Client thread/ERROR] [net.minecraft.client.MainWindow/]: 65539: Invalid key 0
[21十月2019 00:11:37.484] [Client thread/ERROR] [net.minecraft.client.MainWindow/]: ########## GL ERROR ##########
[21十月2019 00:11:37.484] [Client thread/ERROR] [net.minecraft.client.MainWindow/]: @ Render
[21十月2019 00:11:37.484] [Client thread/ERROR] [net.minecraft.client.MainWindow/]: 65539: Invalid key 0
[21十月2019 00:11:37.484] [Client thread/ERROR] [net.minecraft.client.MainWindow/]: ########## GL ERROR ##########
[21十月2019 00:11:37.484] [Client thread/ERROR] [net.minecraft.client.MainWindow/]: @ Render
[21十月2019 00:11:37.484] [Client thread/ERROR] [net.minecraft.client.MainWindow/]: 65539: Invalid key 0
[21十月2019 00:11:49.751] [Client thread/ERROR] [net.minecraft.client.MainWindow/]: ########## GL ERROR ##########
[21十月2019 00:11:49.751] [Client thread/ERROR] [net.minecraft.client.MainWindow/]: @ Render
[21十月2019 00:11:49.751] [Client thread/ERROR] [net.minecraft.client.MainWindow/]: 65539: Invalid key 0
[21十月2019 00:11:49.751] [Client thread/ERROR] [net.minecraft.client.MainWindow/]: ########## GL ERROR ##########
[21十月2019 00:11:49.752] [Client thread/ERROR] [net.minecraft.client.MainWindow/]: @ Render
[21十月2019 00:11:49.752] [Client thread/ERROR] [net.minecraft.client.MainWindow/]: 65539: Invalid key 0
[21十月2019 00:11:49.752] [Client thread/ERROR] [net.minecraft.client.MainWindow/]: ########## GL ERROR ##########
[21十月2019 00:11:49.752] [Client thread/ERROR] [net.minecraft.client.MainWindow/]: @ Render
[21十月2019 00:11:49.752] [Client thread/ERROR] [net.minecraft.client.MainWindow/]: 65539: Invalid key 0
[21十月2019 00:12:06.745] [Client thread/ERROR] [net.minecraft.client.MainWindow/]: ########## GL ERROR ##########
[21十月2019 00:12:06.745] [Client thread/ERROR] [net.minecraft.client.MainWindow/]: @ Render
[21十月2019 00:12:06.745] [Client thread/ERROR] [net.minecraft.client.MainWindow/]: 65539: Invalid key 0
[21十月2019 00:12:06.745] [Client thread/ERROR] [net.minecraft.client.MainWindow/]: ########## GL ERROR ##########
[21十月2019 00:12:06.745] [Client thread/ERROR] [net.minecraft.client.MainWindow/]: @ Render
[21十月2019 00:12:06.745] [Client thread/ERROR] [net.minecraft.client.MainWindow/]: 65539: Invalid key 0
[21十月2019 00:12:06.745] [Client thread/ERROR] [net.minecraft.client.MainWindow/]: ########## GL ERROR ##########
[21十月2019 00:12:06.745] [Client thread/ERROR] [net.minecraft.client.MainWindow/]: @ Render
[21十月2019 00:12:06.746] [Client thread/ERROR] [net.minecraft.client.MainWindow/]: 65539: Invalid key 0
[21十月2019 00:12:08.180] [Client thread/ERROR] [net.minecraft.client.MainWindow/]: ########## GL ERROR ##########
[21十月2019 00:12:08.180] [Client thread/ERROR] [net.minecraft.client.MainWindow/]: @ Render
[21十月2019 00:12:08.180] [Client thread/ERROR] [net.minecraft.client.MainWindow/]: 65539: Invalid key 0
[21十月2019 00:12:08.180] [Client thread/ERROR] [net.minecraft.client.MainWindow/]: ########## GL ERROR ##########
[21十月2019 00:12:08.180] [Client thread/ERROR] [net.minecraft.client.MainWindow/]: @ Render
[21十月2019 00:12:08.180] [Client thread/ERROR] [net.minecraft.client.MainWindow/]: 65539: Invalid key 0
[21十月2019 00:12:08.180] [Client thread/ERROR] [net.minecraft.client.MainWindow/]: ########## GL ERROR ##########
[21十月2019 00:12:08.180] [Client thread/ERROR] [net.minecraft.client.MainWindow/]: @ Render
[21十月2019 00:12:08.180] [Client thread/ERROR] [net.minecraft.client.MainWindow/]: 65539: Invalid key 0
[21十月2019 00:12:14.061] [Client thread/ERROR] [net.minecraft.client.MainWindow/]: ########## GL ERROR ##########
[21十月2019 00:12:14.061] [Client thread/ERROR] [net.minecraft.client.MainWindow/]: @ Render
[21十月2019 00:12:14.061] [Client thread/ERROR] [net.minecraft.client.MainWindow/]: 65539: Invalid key 0
[21十月2019 00:12:14.061] [Client thread/ERROR] [net.minecraft.client.MainWindow/]: ########## GL ERROR ##########
[21十月2019 00:12:14.061] [Client thread/ERROR] [net.minecraft.client.MainWindow/]: @ Render
[21十月2019 00:12:14.061] [Client thread/ERROR] [net.minecraft.client.MainWindow/]: 65539: Invalid key 0
[21十月2019 00:12:14.061] [Client thread/ERROR] [net.minecraft.client.MainWindow/]: ########## GL ERROR ##########
[21十月2019 00:12:14.061] [Client thread/ERROR] [net.minecraft.client.MainWindow/]: @ Render
[21十月2019 00:12:14.061] [Client thread/ERROR] [net.minecraft.client.MainWindow/]: 65539: Invalid key 0
[21十月2019 00:12:16.361] [Client thread/ERROR] [net.minecraft.client.MainWindow/]: ########## GL ERROR ##########
[21十月2019 00:12:16.361] [Client thread/ERROR] [net.minecraft.client.MainWindow/]: @ Render
[21十月2019 00:12:16.361] [Client thread/ERROR] [net.minecraft.client.MainWindow/]: 65539: Invalid key 0
[21十月2019 00:12:16.361] [Client thread/ERROR] [net.minecraft.client.MainWindow/]: ########## GL ERROR ##########
[21十月2019 00:12:16.361] [Client thread/ERROR] [net.minecraft.client.MainWindow/]: @ Render
[21十月2019 00:12:16.361] [Client thread/ERROR] [net.minecraft.client.MainWindow/]: 65539: Invalid key 0
[21十月2019 00:12:16.361] [Client thread/ERROR] [net.minecraft.client.MainWindow/]: ########## GL ERROR ##########
[21十月2019 00:12:16.361] [Client thread/ERROR] [net.minecraft.client.MainWindow/]: @ Render
[21十月2019 00:12:16.361] [Client thread/ERROR] [net.minecraft.client.MainWindow/]: 65539: Invalid key 0
[21十月2019 00:12:49.775] [Client thread/ERROR] [net.minecraft.client.MainWindow/]: ########## GL ERROR ##########
[21十月2019 00:12:49.775] [Client thread/ERROR] [net.minecraft.client.MainWindow/]: @ Render
[21十月2019 00:12:49.775] [Client thread/ERROR] [net.minecraft.client.MainWindow/]: 65539: Invalid key 0
[21十月2019 00:12:49.775] [Client thread/ERROR] [net.minecraft.client.MainWindow/]: ########## GL ERROR ##########
[21十月2019 00:12:49.775] [Client thread/ERROR] [net.minecraft.client.MainWindow/]: @ Render
[21十月2019 00:12:49.775] [Client thread/ERROR] [net.minecraft.client.MainWindow/]: 65539: Invalid key 0
[21十月2019 00:12:49.775] [Client thread/ERROR] [net.minecraft.client.MainWindow/]: ########## GL ERROR ##########
[21十月2019 00:12:49.775] [Client thread/ERROR] [net.minecraft.client.MainWindow/]: @ Render
[21十月2019 00:12:49.775] [Client thread/ERROR] [net.minecraft.client.MainWindow/]: 65539: Invalid key 0
[21十月2019 00:12:49.866] [Client thread/INFO] [net.minecraft.advancements.AdvancementList/]: Loaded 160 advancements
[21十月2019 00:14:01.063] [Client thread/ERROR] [net.minecraft.client.MainWindow/]: ########## GL ERROR ##########
[21十月2019 00:14:01.063] [Client thread/ERROR] [net.minecraft.client.MainWindow/]: @ Render
[21十月2019 00:14:01.063] [Client thread/ERROR] [net.minecraft.client.MainWindow/]: 65539: Invalid key 0
[21十月2019 00:14:01.063] [Client thread/ERROR] [net.minecraft.client.MainWindow/]: ########## GL ERROR ##########
[21十月2019 00:14:01.063] [Client thread/ERROR] [net.minecraft.client.MainWindow/]: @ Render
[21十月2019 00:14:01.064] [Client thread/ERROR] [net.minecraft.client.MainWindow/]: 65539: Invalid key 0
[21十月2019 00:14:01.064] [Client thread/ERROR] [net.minecraft.client.MainWindow/]: ########## GL ERROR ##########
[21十月2019 00:14:01.064] [Client thread/ERROR] [net.minecraft.client.MainWindow/]: @ Render
[21十月2019 00:14:01.064] [Client thread/ERROR] [net.minecraft.client.MainWindow/]: 65539: Invalid key 0
[21十月2019 00:14:03.525] [Client thread/INFO] [net.minecraft.advancements.AdvancementList/]: Loaded 170 advancements
[21十月2019 00:14:08.071] [Client thread/ERROR] [net.minecraft.client.MainWindow/]: ########## GL ERROR ##########
[21十月2019 00:14:08.071] [Client thread/ERROR] [net.minecraft.client.MainWindow/]: @ Render
[21十月2019 00:14:08.071] [Client thread/ERROR] [net.minecraft.client.MainWindow/]: 65539: Invalid key 0
[21十月2019 00:14:08.072] [Client thread/ERROR] [net.minecraft.client.MainWindow/]: ########## GL ERROR ##########
[21十月2019 00:14:08.072] [Client thread/ERROR] [net.minecraft.client.MainWindow/]: @ Render
[21十月2019 00:14:08.072] [Client thread/ERROR] [net.minecraft.client.MainWindow/]: 65539: Invalid key 0
[21十月2019 00:14:08.072] [Client thread/ERROR] [net.minecraft.client.MainWindow/]: ########## GL ERROR ##########
[21十月2019 00:14:08.072] [Client thread/ERROR] [net.minecraft.client.MainWindow/]: @ Render
[21十月2019 00:14:08.072] [Client thread/ERROR] [net.minecraft.client.MainWindow/]: 65539: Invalid key 0
[21十月2019 00:14:10.537] [Client thread/INFO] [net.minecraft.advancements.AdvancementList/]: Loaded 170 advancements
[21十月2019 00:14:17.241] [Client thread/ERROR] [net.minecraft.client.MainWindow/]: ########## GL ERROR ##########
[21十月2019 00:14:17.241] [Client thread/ERROR] [net.minecraft.client.MainWindow/]: @ Render
[21十月2019 00:14:17.241] [Client thread/ERROR] [net.minecraft.client.MainWindow/]: 65539: Invalid key 0
[21十月2019 00:14:17.241] [Client thread/ERROR] [net.minecraft.client.MainWindow/]: ########## GL ERROR ##########
[21十月2019 00:14:17.241] [Client thread/ERROR] [net.minecraft.client.MainWindow/]: @ Render
[21十月2019 00:14:17.241] [Client thread/ERROR] [net.minecraft.client.MainWindow/]: 65539: Invalid key 0
[21十月2019 00:14:17.241] [Client thread/ERROR] [net.minecraft.client.MainWindow/]: ########## GL ERROR ##########
[21十月2019 00:14:17.241] [Client thread/ERROR] [net.minecraft.client.MainWindow/]: @ Render
[21十月2019 00:14:17.241] [Client thread/ERROR] [net.minecraft.client.MainWindow/]: 65539: Invalid key 0
[21十月2019 00:14:22.718] [Client thread/ERROR] [net.minecraft.client.MainWindow/]: ########## GL ERROR ##########
[21十月2019 00:14:22.718] [Client thread/ERROR] [net.minecraft.client.MainWindow/]: @ Render
[21十月2019 00:14:22.718] [Client thread/ERROR] [net.minecraft.client.MainWindow/]: 65539: Invalid key 0
[21十月2019 00:14:22.718] [Client thread/ERROR] [net.minecraft.client.MainWindow/]: ########## GL ERROR ##########
[21十月2019 00:14:22.718] [Client thread/ERROR] [net.minecraft.client.MainWindow/]: @ Render
[21十月2019 00:14:22.718] [Client thread/ERROR] [net.minecraft.client.MainWindow/]: 65539: Invalid key 0
[21十月2019 00:14:22.718] [Client thread/ERROR] [net.minecraft.client.MainWindow/]: ########## GL ERROR ##########
[21十月2019 00:14:22.718] [Client thread/ERROR] [net.minecraft.client.MainWindow/]: @ Render
[21十月2019 00:14:22.718] [Client thread/ERROR] [net.minecraft.client.MainWindow/]: 65539: Invalid key 0
[21十月2019 00:14:35.321] [Client thread/INFO] [STDOUT/]: [com.lothrazar.cyclic.event.EventHandler:onMouseEvent:31]: 5=slotHit.slotNumber;  maybehcharm eventhandler is .slot() 14 oak_planks
[21十月2019 00:14:37.896] [Client thread/ERROR] [net.minecraft.client.MainWindow/]: ########## GL ERROR ##########
[21十月2019 00:14:37.896] [Client thread/ERROR] [net.minecraft.client.MainWindow/]: @ Render
[21十月2019 00:14:37.896] [Client thread/ERROR] [net.minecraft.client.MainWindow/]: 65539: Invalid key 0
[21十月2019 00:14:37.896] [Client thread/ERROR] [net.minecraft.client.MainWindow/]: ########## GL ERROR ##########
[21十月2019 00:14:37.896] [Client thread/ERROR] [net.minecraft.client.MainWindow/]: @ Render
[21十月2019 00:14:37.896] [Client thread/ERROR] [net.minecraft.client.MainWindow/]: 65539: Invalid key 0
[21十月2019 00:14:37.896] [Client thread/ERROR] [net.minecraft.client.MainWindow/]: ########## GL ERROR ##########
[21十月2019 00:14:37.897] [Client thread/ERROR] [net.minecraft.client.MainWindow/]: @ Render
[21十月2019 00:14:37.897] [Client thread/ERROR] [net.minecraft.client.MainWindow/]: 65539: Invalid key 0
[21十月2019 00:15:04.865] [Client thread/ERROR] [net.minecraft.client.MainWindow/]: ########## GL ERROR ##########
[21十月2019 00:15:04.865] [Client thread/ERROR] [net.minecraft.client.MainWindow/]: @ Render
[21十月2019 00:15:04.865] [Client thread/ERROR] [net.minecraft.client.MainWindow/]: 65539: Invalid key 0
[21十月2019 00:15:04.865] [Client thread/ERROR] [net.minecraft.client.MainWindow/]: ########## GL ERROR ##########
[21十月2019 00:15:04.865] [Client thread/ERROR] [net.minecraft.client.MainWindow/]: @ Render
[21十月2019 00:15:04.865] [Client thread/ERROR] [net.minecraft.client.MainWindow/]: 65539: Invalid key 0
[21十月2019 00:15:04.865] [Client thread/ERROR] [net.minecraft.client.MainWindow/]: ########## GL ERROR ##########
[21十月2019 00:15:04.866] [Client thread/ERROR] [net.minecraft.client.MainWindow/]: @ Render
[21十月2019 00:15:04.866] [Client thread/ERROR] [net.minecraft.client.MainWindow/]: 65539: Invalid key 0
[21十月2019 00:15:34.546] [Client thread/ERROR] [net.minecraft.client.MainWindow/]: ########## GL ERROR ##########
[21十月2019 00:15:34.546] [Client thread/ERROR] [net.minecraft.client.MainWindow/]: @ Render
[21十月2019 00:15:34.546] [Client thread/ERROR] [net.minecraft.client.MainWindow/]: 65539: Invalid key 0
[21十月2019 00:15:34.546] [Client thread/ERROR] [net.minecraft.client.MainWindow/]: ########## GL ERROR ##########
[21十月2019 00:15:34.546] [Client thread/ERROR] [net.minecraft.client.MainWindow/]: @ Render
[21十月2019 00:15:34.546] [Client thread/ERROR] [net.minecraft.client.MainWindow/]: 65539: Invalid key 0
[21十月2019 00:15:34.546] [Client thread/ERROR] [net.minecraft.client.MainWindow/]: ########## GL ERROR ##########
[21十月2019 00:15:34.546] [Client thread/ERROR] [net.minecraft.client.MainWindow/]: @ Render
[21十月2019 00:15:34.546] [Client thread/ERROR] [net.minecraft.client.MainWindow/]: 65539: Invalid key 0
[21十月2019 00:15:42.124] [Client thread/ERROR] [net.minecraft.client.MainWindow/]: ########## GL ERROR ##########
[21十月2019 00:15:42.124] [Client thread/ERROR] [net.minecraft.client.MainWindow/]: @ Render
[21十月2019 00:15:42.125] [Client thread/ERROR] [net.minecraft.client.MainWindow/]: 65539: Invalid key 0
[21十月2019 00:15:42.125] [Client thread/ERROR] [net.minecraft.client.MainWindow/]: ########## GL ERROR ##########
[21十月2019 00:15:42.125] [Client thread/ERROR] [net.minecraft.client.MainWindow/]: @ Render
[21十月2019 00:15:42.125] [Client thread/ERROR] [net.minecraft.client.MainWindow/]: 65539: Invalid key 0
[21十月2019 00:15:42.125] [Client thread/ERROR] [net.minecraft.client.MainWindow/]: ########## GL ERROR ##########
[21十月2019 00:15:42.125] [Client thread/ERROR] [net.minecraft.client.MainWindow/]: @ Render
[21十月2019 00:15:42.125] [Client thread/ERROR] [net.minecraft.client.MainWindow/]: 65539: Invalid key 0
[21十月2019 00:16:45.784] [Client thread/INFO] [net.minecraft.advancements.AdvancementList/]: Loaded 173 advancements
[21十月2019 00:17:09.455] [Client thread/INFO] [net.minecraft.advancements.AdvancementList/]: Loaded 175 advancements
[21十月2019 00:17:27.561] [Client thread/INFO] [net.minecraft.client.gui.NewChatGui/]: [CHAT] yinn从高处摔了下来
[21十月2019 00:17:32.669] [Netty Client IO #1/ERROR] [net.minecraft.command.arguments.ArgumentTypes/]: Could not deserialize minecraft:
[21十月2019 00:17:32.670] [Netty Client IO #1/ERROR] [net.minecraft.command.arguments.ArgumentTypes/]: Could not deserialize minecraft:
[21十月2019 00:17:32.670] [Netty Client IO #1/ERROR] [net.minecraft.command.arguments.ArgumentTypes/]: Could not deserialize minecraft:
[21十月2019 00:17:32.690] [Client thread/ERROR] [net.minecraft.client.MainWindow/]: ########## GL ERROR ##########
[21十月2019 00:17:32.690] [Client thread/ERROR] [net.minecraft.client.MainWindow/]: @ Pre render
[21十月2019 00:17:32.690] [Client thread/ERROR] [net.minecraft.client.MainWindow/]: 65539: Invalid key 0
[21十月2019 00:17:32.690] [Client thread/ERROR] [net.minecraft.client.MainWindow/]: ########## GL ERROR ##########
[21十月2019 00:17:32.690] [Client thread/ERROR] [net.minecraft.client.MainWindow/]: @ Pre render
[21十月2019 00:17:32.690] [Client thread/ERROR] [net.minecraft.client.MainWindow/]: 65539: Invalid key 0
[21十月2019 00:17:32.690] [Client thread/ERROR] [net.minecraft.client.MainWindow/]: ########## GL ERROR ##########
[21十月2019 00:17:32.690] [Client thread/ERROR] [net.minecraft.client.MainWindow/]: @ Pre render
[21十月2019 00:17:32.690] [Client thread/ERROR] [net.minecraft.client.MainWindow/]: 65539: Invalid key 0
[21十月2019 00:17:32.734] [Texture Downloader #2/ERROR] [net.minecraft.client.renderer.texture.DownloadingTexture/]: Couldn't download http texture: java.io.IOException: Could not load image: Image not of any known type, or corrupt
[21十月2019 00:18:42.457] [Client thread/WARN] [net.minecraft.client.network.play.ClientPlayNetHandler/]: Received passengers for unknown entity
[21十月2019 00:18:42.979] [Client thread/WARN] [net.minecraft.client.network.play.ClientPlayNetHandler/]: Received passengers for unknown entity
[21十月2019 00:18:59.667] [Client thread/INFO] [net.minecraft.advancements.AdvancementList/]: Loaded 175 advancements
[21十月2019 00:19:07.707] [Client thread/WARN] [net.minecraft.client.network.play.ClientPlayNetHandler/]: Received passengers for unknown entity
[21十月2019 00:19:09.476] [Client thread/WARN] [com.mojang.authlib.yggdrasil.YggdrasilMinecraftSessionService/]: Couldn't look up profile properties for com.mojang.authlib.GameProfile@19983f0a[id=b15ca054-6d62-3aa2-876c-5504bf552e63,name=yinn,properties={},legacy=false]
com.mojang.authlib.exceptions.AuthenticationUnavailableException: Cannot contact authentication server
	at com.mojang.authlib.yggdrasil.YggdrasilAuthenticationService.makeRequest(YggdrasilAuthenticationService.java:85) ~[authlib-1.5.25.jar:?]
	at com.mojang.authlib.yggdrasil.YggdrasilMinecraftSessionService.fillGameProfile(YggdrasilMinecraftSessionService.java:180) ~[authlib-1.5.25.jar:?]
	at com.mojang.authlib.yggdrasil.YggdrasilMinecraftSessionService.fillProfileProperties(YggdrasilMinecraftSessionService.java:173) ~[authlib-1.5.25.jar:?]
	at net.minecraft.tileentity.SkullTileEntity.func_174884_b(SourceFile:132) ~[?:?]
	at de.maxhenkel.gravestone.util.PlayerSkins.getGameProfile(PlayerSkins.java:36) ~[?:1.15.2]
	at de.maxhenkel.gravestone.util.PlayerSkins.getSkin(PlayerSkins.java:20) ~[?:1.15.2]
	at de.maxhenkel.gravestone.tileentity.GravestoneRenderer.renderSkull(GravestoneRenderer.java:88) ~[?:1.15.2]
	at de.maxhenkel.gravestone.tileentity.GravestoneRenderer.render(GravestoneRenderer.java:76) ~[?:1.15.2]
	at de.maxhenkel.gravestone.tileentity.GravestoneRenderer.func_199341_a(GravestoneRenderer.java:18) ~[?:1.15.2]
	at net.minecraft.client.renderer.tileentity.TileEntityRendererDispatcher.func_203602_a(TileEntityRendererDispatcher.java:202) ~[?:?]
	at net.minecraft.client.renderer.tileentity.TileEntityRendererDispatcher.func_180546_a(TileEntityRendererDispatcher.java:155) ~[?:?]
	at net.minecraft.client.renderer.WorldRenderer.func_215326_a(WorldRenderer.java:967) ~[?:?]
	at net.optifine.shaders.ShadersRender.renderShadowMap(ShadersRender.java:362) ~[?:?]
	at net.optifine.shaders.Shaders.beginRender(Shaders.java:4208) ~[?:?]
	at net.minecraft.client.renderer.GameRenderer.func_78471_a(GameRenderer.java:1024) ~[?:?]
	at net.minecraft.client.renderer.GameRenderer.func_195458_a(GameRenderer.java:792) ~[?:?]
	at net.minecraft.client.Minecraft.func_195542_b(Minecraft.java:887) ~[?:?]
	at net.minecraft.client.Minecraft.func_99999_d(Minecraft.java:384) ~[?:?]
	at net.minecraft.client.main.Main.main(SourceFile:155) ~[1.14.4.jar:?]
	at sun.reflect.NativeMethodAccessorImpl.invoke0(Native Method) ~[?:1.8.0_201]
	at sun.reflect.NativeMethodAccessorImpl.invoke(NativeMethodAccessorImpl.java:62) ~[?:1.8.0_201]
	at sun.reflect.DelegatingMethodAccessorImpl.invoke(DelegatingMethodAccessorImpl.java:43) ~[?:1.8.0_201]
	at java.lang.reflect.Method.invoke(Method.java:498) ~[?:1.8.0_201]
	at net.minecraftforge.fml.loading.FMLClientLaunchProvider.lambda$launchService$0(FMLClientLaunchProvider.java:56) ~[forge-1.14.4-28.1.6.jar:28.1]
	at cpw.mods.modlauncher.LaunchServiceHandlerDecorator.launch(LaunchServiceHandlerDecorator.java:37) [modlauncher-3.2.0.jar:?]
	at cpw.mods.modlauncher.LaunchServiceHandler.launch(LaunchServiceHandler.java:50) [modlauncher-3.2.0.jar:?]
	at cpw.mods.modlauncher.LaunchServiceHandler.launch(LaunchServiceHandler.java:68) [modlauncher-3.2.0.jar:?]
	at cpw.mods.modlauncher.Launcher.run(Launcher.java:80) [modlauncher-3.2.0.jar:?]
	at cpw.mods.modlauncher.Launcher.main(Launcher.java:65) [modlauncher-3.2.0.jar:?]
Caused by: java.net.ConnectException: Connection refused: connect
	at java.net.DualStackPlainSocketImpl.waitForConnect(Native Method) ~[?:1.8.0_201]
	at java.net.DualStackPlainSocketImpl.socketConnect(DualStackPlainSocketImpl.java:85) ~[?:1.8.0_201]
	at java.net.AbstractPlainSocketImpl.doConnect(AbstractPlainSocketImpl.java:350) ~[?:1.8.0_201]
	at java.net.AbstractPlainSocketImpl.connectToAddress(AbstractPlainSocketImpl.java:206) ~[?:1.8.0_201]
	at java.net.AbstractPlainSocketImpl.connect(AbstractPlainSocketImpl.java:188) ~[?:1.8.0_201]
	at java.net.PlainSocketImpl.connect(PlainSocketImpl.java:172) ~[?:1.8.0_201]
	at java.net.SocksSocketImpl.connect(SocksSocketImpl.java:392) ~[?:1.8.0_201]
	at java.net.Socket.connect(Socket.java:589) ~[?:1.8.0_201]
	at sun.security.ssl.SSLSocketImpl.connect(SSLSocketImpl.java:666) ~[?:1.8.0_201]
	at sun.net.NetworkClient.doConnect(NetworkClient.java:175) ~[?:1.8.0_201]
	at sun.net.www.http.HttpClient.openServer(HttpClient.java:463) ~[?:1.8.0_201]
	at sun.net.www.http.HttpClient.openServer(HttpClient.java:558) ~[?:1.8.0_201]
	at sun.net.www.protocol.https.HttpsClient.<init>(HttpsClient.java:264) ~[?:1.8.0_201]
	at sun.net.www.protocol.https.HttpsClient.New(HttpsClient.java:367) ~[?:1.8.0_201]
	at sun.net.www.protocol.https.AbstractDelegateHttpsURLConnection.getNewHttpClient(AbstractDelegateHttpsURLConnection.java:191) ~[?:1.8.0_201]
	at sun.net.www.protocol.http.HttpURLConnection.plainConnect0(HttpURLConnection.java:1199) ~[?:1.8.0_201]
	at sun.net.www.protocol.http.HttpURLConnection.plainConnect(HttpURLConnection.java:1050) ~[?:1.8.0_201]
	at sun.net.www.protocol.https.AbstractDelegateHttpsURLConnection.connect(AbstractDelegateHttpsURLConnection.java:177) ~[?:1.8.0_201]
	at sun.net.www.protocol.http.HttpURLConnection.getInputStream0(HttpURLConnection.java:1564) ~[?:1.8.0_201]
	at sun.net.www.protocol.http.HttpURLConnection.getInputStream(HttpURLConnection.java:1492) ~[?:1.8.0_201]
	at sun.net.www.protocol.https.HttpsURLConnectionImpl.getInputStream(HttpsURLConnectionImpl.java:263) ~[?:1.8.0_201]
	at com.mojang.authlib.HttpAuthenticationService.performGetRequest(HttpAuthenticationService.java:130) ~[authlib-1.5.25.jar:?]
	at com.mojang.authlib.yggdrasil.YggdrasilAuthenticationService.makeRequest(YggdrasilAuthenticationService.java:66) ~[authlib-1.5.25.jar:?]
	... 28 more
[21十月2019 00:21:33.516] [Client thread/ERROR] [net.minecraft.client.MainWindow/]: ########## GL ERROR ##########
[21十月2019 00:21:33.516] [Client thread/ERROR] [net.minecraft.client.MainWindow/]: @ Render
[21十月2019 00:21:33.516] [Client thread/ERROR] [net.minecraft.client.MainWindow/]: 65539: Invalid key 0
[21十月2019 00:21:33.516] [Client thread/ERROR] [net.minecraft.client.MainWindow/]: ########## GL ERROR ##########
[21十月2019 00:21:33.516] [Client thread/ERROR] [net.minecraft.client.MainWindow/]: @ Render
[21十月2019 00:21:33.516] [Client thread/ERROR] [net.minecraft.client.MainWindow/]: 65539: Invalid key 0
[21十月2019 00:21:33.516] [Client thread/ERROR] [net.minecraft.client.MainWindow/]: ########## GL ERROR ##########
[21十月2019 00:21:33.517] [Client thread/ERROR] [net.minecraft.client.MainWindow/]: @ Render
[21十月2019 00:21:33.517] [Client thread/ERROR] [net.minecraft.client.MainWindow/]: 65539: Invalid key 0
[21十月2019 00:21:42.507] [Client thread/ERROR] [net.minecraft.client.MainWindow/]: ########## GL ERROR ##########
[21十月2019 00:21:42.507] [Client thread/ERROR] [net.minecraft.client.MainWindow/]: @ Render
[21十月2019 00:21:42.507] [Client thread/ERROR] [net.minecraft.client.MainWindow/]: 65539: Invalid key 0
[21十月2019 00:21:42.508] [Client thread/ERROR] [net.minecraft.client.MainWindow/]: ########## GL ERROR ##########
[21十月2019 00:21:42.508] [Client thread/ERROR] [net.minecraft.client.MainWindow/]: @ Render
[21十月2019 00:21:42.508] [Client thread/ERROR] [net.minecraft.client.MainWindow/]: 65539: Invalid key 0
[21十月2019 00:21:42.508] [Client thread/ERROR] [net.minecraft.client.MainWindow/]: ########## GL ERROR ##########
[21十月2019 00:21:42.508] [Client thread/ERROR] [net.minecraft.client.MainWindow/]: @ Render
[21十月2019 00:21:42.508] [Client thread/ERROR] [net.minecraft.client.MainWindow/]: 65539: Invalid key 0
[21十月2019 00:21:52.155] [Client thread/INFO] [STDOUT/]: [com.lothrazar.cyclic.event.EventHandler:onMouseEvent:31]: 11=slotHit.slotNumber;  maybehcharm eventhandler is .slot() 1 ring/ring2
[21十月2019 00:21:53.772] [Client thread/ERROR] [net.minecraft.client.MainWindow/]: ########## GL ERROR ##########
[21十月2019 00:21:53.772] [Client thread/ERROR] [net.minecraft.client.MainWindow/]: @ Render
[21十月2019 00:21:53.772] [Client thread/ERROR] [net.minecraft.client.MainWindow/]: 65539: Invalid key 0
[21十月2019 00:21:53.772] [Client thread/ERROR] [net.minecraft.client.MainWindow/]: ########## GL ERROR ##########
[21十月2019 00:21:53.772] [Client thread/ERROR] [net.minecraft.client.MainWindow/]: @ Render
[21十月2019 00:21:53.772] [Client thread/ERROR] [net.minecraft.client.MainWindow/]: 65539: Invalid key 0
[21十月2019 00:21:53.772] [Client thread/ERROR] [net.minecraft.client.MainWindow/]: ########## GL ERROR ##########
[21十月2019 00:21:53.773] [Client thread/ERROR] [net.minecraft.client.MainWindow/]: @ Render
[21十月2019 00:21:53.773] [Client thread/ERROR] [net.minecraft.client.MainWindow/]: 65539: Invalid key 0
[21十月2019 00:22:09.286] [Client thread/ERROR] [net.minecraft.client.MainWindow/]: ########## GL ERROR ##########
[21十月2019 00:22:09.286] [Client thread/ERROR] [net.minecraft.client.MainWindow/]: @ Render
[21十月2019 00:22:09.287] [Client thread/ERROR] [net.minecraft.client.MainWindow/]: 65539: Invalid key 0
[21十月2019 00:22:09.287] [Client thread/ERROR] [net.minecraft.client.MainWindow/]: ########## GL ERROR ##########
[21十月2019 00:22:09.287] [Client thread/ERROR] [net.minecraft.client.MainWindow/]: @ Render
[21十月2019 00:22:09.287] [Client thread/ERROR] [net.minecraft.client.MainWindow/]: 65539: Invalid key 0
[21十月2019 00:22:09.287] [Client thread/ERROR] [net.minecraft.client.MainWindow/]: ########## GL ERROR ##########
[21十月2019 00:22:09.287] [Client thread/ERROR] [net.minecraft.client.MainWindow/]: @ Render
[21十月2019 00:22:09.287] [Client thread/ERROR] [net.minecraft.client.MainWindow/]: 65539: Invalid key 0
[21十月2019 00:22:25.534] [Client thread/ERROR] [net.minecraft.client.MainWindow/]: ########## GL ERROR ##########
[21十月2019 00:22:25.534] [Client thread/ERROR] [net.minecraft.client.MainWindow/]: @ Render
[21十月2019 00:22:25.534] [Client thread/ERROR] [net.minecraft.client.MainWindow/]: 65539: Invalid key 0
[21十月2019 00:22:25.534] [Client thread/ERROR] [net.minecraft.client.MainWindow/]: ########## GL ERROR ##########
[21十月2019 00:22:25.534] [Client thread/ERROR] [net.minecraft.client.MainWindow/]: @ Render
[21十月2019 00:22:25.534] [Client thread/ERROR] [net.minecraft.client.MainWindow/]: 65539: Invalid key 0
[21十月2019 00:22:25.534] [Client thread/ERROR] [net.minecraft.client.MainWindow/]: ########## GL ERROR ##########
[21十月2019 00:22:25.534] [Client thread/ERROR] [net.minecraft.client.MainWindow/]: @ Render
[21十月2019 00:22:25.534] [Client thread/ERROR] [net.minecraft.client.MainWindow/]: 65539: Invalid key 0
[21十月2019 00:22:40.161] [Client thread/ERROR] [net.minecraft.client.MainWindow/]: ########## GL ERROR ##########
[21十月2019 00:22:40.161] [Client thread/ERROR] [net.minecraft.client.MainWindow/]: @ Render
[21十月2019 00:22:40.161] [Client thread/ERROR] [net.minecraft.client.MainWindow/]: 65539: Invalid key 0
[21十月2019 00:22:40.161] [Client thread/ERROR] [net.minecraft.client.MainWindow/]: ########## GL ERROR ##########
[21十月2019 00:22:40.161] [Client thread/ERROR] [net.minecraft.client.MainWindow/]: @ Render
[21十月2019 00:22:40.161] [Client thread/ERROR] [net.minecraft.client.MainWindow/]: 65539: Invalid key 0
[21十月2019 00:22:40.161] [Client thread/ERROR] [net.minecraft.client.MainWindow/]: ########## GL ERROR ##########
[21十月2019 00:22:40.161] [Client thread/ERROR] [net.minecraft.client.MainWindow/]: @ Render
[21十月2019 00:22:40.162] [Client thread/ERROR] [net.minecraft.client.MainWindow/]: 65539: Invalid key 0
[21十月2019 00:23:21.501] [Client thread/ERROR] [net.minecraft.client.MainWindow/]: ########## GL ERROR ##########
[21十月2019 00:23:21.501] [Client thread/ERROR] [net.minecraft.client.MainWindow/]: @ Render
[21十月2019 00:23:21.501] [Client thread/ERROR] [net.minecraft.client.MainWindow/]: 65539: Invalid key 0
[21十月2019 00:23:21.501] [Client thread/ERROR] [net.minecraft.client.MainWindow/]: ########## GL ERROR ##########
[21十月2019 00:23:21.501] [Client thread/ERROR] [net.minecraft.client.MainWindow/]: @ Render
[21十月2019 00:23:21.502] [Client thread/ERROR] [net.minecraft.client.MainWindow/]: 65539: Invalid key 0
[21十月2019 00:23:21.502] [Client thread/ERROR] [net.minecraft.client.MainWindow/]: ########## GL ERROR ##########
[21十月2019 00:23:21.502] [Client thread/ERROR] [net.minecraft.client.MainWindow/]: @ Render
[21十月2019 00:23:21.502] [Client thread/ERROR] [net.minecraft.client.MainWindow/]: 65539: Invalid key 0
[21十月2019 00:23:44.850] [Client thread/ERROR] [net.minecraft.client.MainWindow/]: ########## GL ERROR ##########
[21十月2019 00:23:44.850] [Client thread/ERROR] [net.minecraft.client.MainWindow/]: @ Render
[21十月2019 00:23:44.850] [Client thread/ERROR] [net.minecraft.client.MainWindow/]: 65539: Invalid key 0
[21十月2019 00:23:44.850] [Client thread/ERROR] [net.minecraft.client.MainWindow/]: ########## GL ERROR ##########
[21十月2019 00:23:44.850] [Client thread/ERROR] [net.minecraft.client.MainWindow/]: @ Render
[21十月2019 00:23:44.850] [Client thread/ERROR] [net.minecraft.client.MainWindow/]: 65539: Invalid key 0
[21十月2019 00:23:44.850] [Client thread/ERROR] [net.minecraft.client.MainWindow/]: ########## GL ERROR ##########
[21十月2019 00:23:44.851] [Client thread/ERROR] [net.minecraft.client.MainWindow/]: @ Render
[21十月2019 00:23:44.851] [Client thread/ERROR] [net.minecraft.client.MainWindow/]: 65539: Invalid key 0
[21十月2019 00:24:58.506] [Client thread/INFO] [net.minecraft.advancements.AdvancementList/]: Loaded 179 advancements
[21十月2019 00:24:59.484] [Client thread/INFO] [net.minecraft.advancements.AdvancementList/]: Loaded 182 advancements
[21十月2019 00:25:01.415] [Client thread/ERROR] [net.minecraft.client.MainWindow/]: ########## GL ERROR ##########
[21十月2019 00:25:01.415] [Client thread/ERROR] [net.minecraft.client.MainWindow/]: @ Render
[21十月2019 00:25:01.415] [Client thread/ERROR] [net.minecraft.client.MainWindow/]: 65539: Invalid key 0
[21十月2019 00:25:01.415] [Client thread/ERROR] [net.minecraft.client.MainWindow/]: ########## GL ERROR ##########
[21十月2019 00:25:01.415] [Client thread/ERROR] [net.minecraft.client.MainWindow/]: @ Render
[21十月2019 00:25:01.415] [Client thread/ERROR] [net.minecraft.client.MainWindow/]: 65539: Invalid key 0
[21十月2019 00:25:01.415] [Client thread/ERROR] [net.minecraft.client.MainWindow/]: ########## GL ERROR ##########
[21十月2019 00:25:01.415] [Client thread/ERROR] [net.minecraft.client.MainWindow/]: @ Render
[21十月2019 00:25:01.415] [Client thread/ERROR] [net.minecraft.client.MainWindow/]: 65539: Invalid key 0
[21十月2019 00:25:56.128] [Client thread/ERROR] [net.minecraft.client.MainWindow/]: ########## GL ERROR ##########
[21十月2019 00:25:56.128] [Client thread/ERROR] [net.minecraft.client.MainWindow/]: @ Render
[21十月2019 00:25:56.128] [Client thread/ERROR] [net.minecraft.client.MainWindow/]: 65539: Invalid key 0
[21十月2019 00:25:56.128] [Client thread/ERROR] [net.minecraft.client.MainWindow/]: ########## GL ERROR ##########
[21十月2019 00:25:56.128] [Client thread/ERROR] [net.minecraft.client.MainWindow/]: @ Render
[21十月2019 00:25:56.128] [Client thread/ERROR] [net.minecraft.client.MainWindow/]: 65539: Invalid key 0
[21十月2019 00:25:56.128] [Client thread/ERROR] [net.minecraft.client.MainWindow/]: ########## GL ERROR ##########
[21十月2019 00:25:56.128] [Client thread/ERROR] [net.minecraft.client.MainWindow/]: @ Render
[21十月2019 00:25:56.128] [Client thread/ERROR] [net.minecraft.client.MainWindow/]: 65539: Invalid key 0
[21十月2019 00:26:27.096] [Client thread/ERROR] [net.minecraft.client.MainWindow/]: ########## GL ERROR ##########
[21十月2019 00:26:27.096] [Client thread/ERROR] [net.minecraft.client.MainWindow/]: @ Render
[21十月2019 00:26:27.096] [Client thread/ERROR] [net.minecraft.client.MainWindow/]: 65539: Invalid key 0
[21十月2019 00:26:27.096] [Client thread/ERROR] [net.minecraft.client.MainWindow/]: ########## GL ERROR ##########
[21十月2019 00:26:27.096] [Client thread/ERROR] [net.minecraft.client.MainWindow/]: @ Render
[21十月2019 00:26:27.096] [Client thread/ERROR] [net.minecraft.client.MainWindow/]: 65539: Invalid key 0
[21十月2019 00:26:27.096] [Client thread/ERROR] [net.minecraft.client.MainWindow/]: ########## GL ERROR ##########
[21十月2019 00:26:27.097] [Client thread/ERROR] [net.minecraft.client.MainWindow/]: @ Render
[21十月2019 00:26:27.097] [Client thread/ERROR] [net.minecraft.client.MainWindow/]: 65539: Invalid key 0
[21十月2019 00:28:42.215] [Client thread/INFO] [STDOUT/]: [com.lothrazar.cyclic.event.EventHandler:onMouseEvent:31]: 20=slotHit.slotNumber;  maybehcharm eventhandler is .slot() 8 dark_oak_planks
[21十月2019 00:28:49.077] [Client thread/INFO] [STDOUT/]: [com.lothrazar.cyclic.event.EventHandler:onMouseEvent:31]: 1=slotHit.slotNumber;  maybehcharm eventhandler is .slot() 1 dark_oak_planks
[21十月2019 00:28:49.448] [Client thread/INFO] [STDOUT/]: [com.lothrazar.cyclic.event.EventHandler:onMouseEvent:31]: 1=slotHit.slotNumber;  maybehcharm eventhandler is .slot() 2 dark_oak_planks
[21十月2019 00:28:49.636] [Client thread/INFO] [STDOUT/]: [com.lothrazar.cyclic.event.EventHandler:onMouseEvent:31]: 1=slotHit.slotNumber;  maybehcharm eventhandler is .slot() 3 dark_oak_planks
[21十月2019 00:28:49.819] [Client thread/INFO] [STDOUT/]: [com.lothrazar.cyclic.event.EventHandler:onMouseEvent:31]: 1=slotHit.slotNumber;  maybehcharm eventhandler is .slot() 4 dark_oak_planks
[21十月2019 00:28:51.202] [Client thread/ERROR] [net.minecraft.client.MainWindow/]: ########## GL ERROR ##########
[21十月2019 00:28:51.202] [Client thread/ERROR] [net.minecraft.client.MainWindow/]: @ Render
[21十月2019 00:28:51.202] [Client thread/ERROR] [net.minecraft.client.MainWindow/]: 65539: Invalid key 0
[21十月2019 00:28:51.202] [Client thread/ERROR] [net.minecraft.client.MainWindow/]: ########## GL ERROR ##########
[21十月2019 00:28:51.202] [Client thread/ERROR] [net.minecraft.client.MainWindow/]: @ Render
[21十月2019 00:28:51.202] [Client thread/ERROR] [net.minecraft.client.MainWindow/]: 65539: Invalid key 0
[21十月2019 00:28:51.202] [Client thread/ERROR] [net.minecraft.client.MainWindow/]: ########## GL ERROR ##########
[21十月2019 00:28:51.202] [Client thread/ERROR] [net.minecraft.client.MainWindow/]: @ Render
[21十月2019 00:28:51.202] [Client thread/ERROR] [net.minecraft.client.MainWindow/]: 65539: Invalid key 0
[21十月2019 00:28:55.066] [Client thread/INFO] [STDOUT/]: [com.lothrazar.cyclic.event.EventHandler:onMouseEvent:31]: 1=slotHit.slotNumber;  maybehcharm eventhandler is .slot() 7 dark_oak_planks
[21十月2019 00:28:57.333] [Client thread/ERROR] [net.minecraft.client.MainWindow/]: ########## GL ERROR ##########
[21十月2019 00:28:57.333] [Client thread/ERROR] [net.minecraft.client.MainWindow/]: @ Render
[21十月2019 00:28:57.333] [Client thread/ERROR] [net.minecraft.client.MainWindow/]: 65539: Invalid key 0
[21十月2019 00:28:57.333] [Client thread/ERROR] [net.minecraft.client.MainWindow/]: ########## GL ERROR ##########
[21十月2019 00:28:57.333] [Client thread/ERROR] [net.minecraft.client.MainWindow/]: @ Render
[21十月2019 00:28:57.333] [Client thread/ERROR] [net.minecraft.client.MainWindow/]: 65539: Invalid key 0
[21十月2019 00:28:57.333] [Client thread/ERROR] [net.minecraft.client.MainWindow/]: ########## GL ERROR ##########
[21十月2019 00:28:57.333] [Client thread/ERROR] [net.minecraft.client.MainWindow/]: @ Render
[21十月2019 00:28:57.333] [Client thread/ERROR] [net.minecraft.client.MainWindow/]: 65539: Invalid key 0
[21十月2019 00:29:05.199] [Client thread/ERROR] [net.minecraft.client.MainWindow/]: ########## GL ERROR ##########
[21十月2019 00:29:05.199] [Client thread/ERROR] [net.minecraft.client.MainWindow/]: @ Render
[21十月2019 00:29:05.199] [Client thread/ERROR] [net.minecraft.client.MainWindow/]: 65539: Invalid key 0
[21十月2019 00:29:05.199] [Client thread/ERROR] [net.minecraft.client.MainWindow/]: ########## GL ERROR ##########
[21十月2019 00:29:05.199] [Client thread/ERROR] [net.minecraft.client.MainWindow/]: @ Render
[21十月2019 00:29:05.199] [Client thread/ERROR] [net.minecraft.client.MainWindow/]: 65539: Invalid key 0
[21十月2019 00:29:05.200] [Client thread/ERROR] [net.minecraft.client.MainWindow/]: ########## GL ERROR ##########
[21十月2019 00:29:05.200] [Client thread/ERROR] [net.minecraft.client.MainWindow/]: @ Render
[21十月2019 00:29:05.200] [Client thread/ERROR] [net.minecraft.client.MainWindow/]: 65539: Invalid key 0
[21十月2019 00:29:16.897] [Client thread/ERROR] [net.minecraft.client.MainWindow/]: ########## GL ERROR ##########
[21十月2019 00:29:16.897] [Client thread/ERROR] [net.minecraft.client.MainWindow/]: @ Render
[21十月2019 00:29:16.897] [Client thread/ERROR] [net.minecraft.client.MainWindow/]: 65539: Invalid key 0
[21十月2019 00:29:16.897] [Client thread/ERROR] [net.minecraft.client.MainWindow/]: ########## GL ERROR ##########
[21十月2019 00:29:16.897] [Client thread/ERROR] [net.minecraft.client.MainWindow/]: @ Render
[21十月2019 00:29:16.897] [Client thread/ERROR] [net.minecraft.client.MainWindow/]: 65539: Invalid key 0
[21十月2019 00:29:16.897] [Client thread/ERROR] [net.minecraft.client.MainWindow/]: ########## GL ERROR ##########
[21十月2019 00:29:16.897] [Client thread/ERROR] [net.minecraft.client.MainWindow/]: @ Render
[21十月2019 00:29:16.897] [Client thread/ERROR] [net.minecraft.client.MainWindow/]: 65539: Invalid key 0
[21十月2019 00:29:21.311] [Client thread/ERROR] [net.minecraft.client.MainWindow/]: ########## GL ERROR ##########
[21十月2019 00:29:21.312] [Client thread/ERROR] [net.minecraft.client.MainWindow/]: @ Render
[21十月2019 00:29:21.312] [Client thread/ERROR] [net.minecraft.client.MainWindow/]: 65539: Invalid key 0
[21十月2019 00:29:21.312] [Client thread/ERROR] [net.minecraft.client.MainWindow/]: ########## GL ERROR ##########
[21十月2019 00:29:21.312] [Client thread/ERROR] [net.minecraft.client.MainWindow/]: @ Render
[21十月2019 00:29:21.312] [Client thread/ERROR] [net.minecraft.client.MainWindow/]: 65539: Invalid key 0
[21十月2019 00:29:21.312] [Client thread/ERROR] [net.minecraft.client.MainWindow/]: ########## GL ERROR ##########
[21十月2019 00:29:21.312] [Client thread/ERROR] [net.minecraft.client.MainWindow/]: @ Render
[21十月2019 00:29:21.312] [Client thread/ERROR] [net.minecraft.client.MainWindow/]: 65539: Invalid key 0
[21十月2019 00:30:04.077] [Client thread/WARN] [net.minecraft.client.network.play.ClientPlayNetHandler/]: Received passengers for unknown entity
[21十月2019 00:30:16.940] [Client thread/INFO] [net.minecraft.advancements.AdvancementList/]: Loaded 182 advancements
[21十月2019 00:30:43.405] [Client thread/INFO] [net.minecraft.client.gui.NewChatGui/]: [CHAT] yinn取得了进度[甜蜜的梦]
[21十月2019 00:30:43.407] [Client thread/INFO] [net.minecraft.advancements.AdvancementList/]: Loaded 182 advancements
[21十月2019 00:30:48.376] [Client thread/ERROR] [net.minecraft.client.MainWindow/]: ########## GL ERROR ##########
[21十月2019 00:30:48.376] [Client thread/ERROR] [net.minecraft.client.MainWindow/]: @ Pre render
[21十月2019 00:30:48.376] [Client thread/ERROR] [net.minecraft.client.MainWindow/]: 65539: Invalid key 0
[21十月2019 00:30:48.376] [Client thread/ERROR] [net.minecraft.client.MainWindow/]: ########## GL ERROR ##########
[21十月2019 00:30:48.376] [Client thread/ERROR] [net.minecraft.client.MainWindow/]: @ Pre render
[21十月2019 00:30:48.376] [Client thread/ERROR] [net.minecraft.client.MainWindow/]: 65539: Invalid key 0
[21十月2019 00:30:48.376] [Client thread/ERROR] [net.minecraft.client.MainWindow/]: ########## GL ERROR ##########
[21十月2019 00:30:48.376] [Client thread/ERROR] [net.minecraft.client.MainWindow/]: @ Pre render
[21十月2019 00:30:48.376] [Client thread/ERROR] [net.minecraft.client.MainWindow/]: 65539: Invalid key 0
[21十月2019 00:31:03.149] [Client thread/ERROR] [net.minecraft.client.MainWindow/]: ########## GL ERROR ##########
[21十月2019 00:31:03.149] [Client thread/ERROR] [net.minecraft.client.MainWindow/]: @ Render
[21十月2019 00:31:03.149] [Client thread/ERROR] [net.minecraft.client.MainWindow/]: 65539: Invalid key 0
[21十月2019 00:31:03.149] [Client thread/ERROR] [net.minecraft.client.MainWindow/]: ########## GL ERROR ##########
[21十月2019 00:31:03.149] [Client thread/ERROR] [net.minecraft.client.MainWindow/]: @ Render
[21十月2019 00:31:03.149] [Client thread/ERROR] [net.minecraft.client.MainWindow/]: 65539: Invalid key 0
[21十月2019 00:31:03.149] [Client thread/ERROR] [net.minecraft.client.MainWindow/]: ########## GL ERROR ##########
[21十月2019 00:31:03.149] [Client thread/ERROR] [net.minecraft.client.MainWindow/]: @ Render
[21十月2019 00:31:03.149] [Client thread/ERROR] [net.minecraft.client.MainWindow/]: 65539: Invalid key 0
[21十月2019 00:31:07.448] [Client thread/ERROR] [net.minecraft.client.MainWindow/]: ########## GL ERROR ##########
[21十月2019 00:31:07.448] [Client thread/ERROR] [net.minecraft.client.MainWindow/]: @ Render
[21十月2019 00:31:07.448] [Client thread/ERROR] [net.minecraft.client.MainWindow/]: 65539: Invalid key 0
[21十月2019 00:31:07.448] [Client thread/ERROR] [net.minecraft.client.MainWindow/]: ########## GL ERROR ##########
[21十月2019 00:31:07.448] [Client thread/ERROR] [net.minecraft.client.MainWindow/]: @ Render
[21十月2019 00:31:07.448] [Client thread/ERROR] [net.minecraft.client.MainWindow/]: 65539: Invalid key 0
[21十月2019 00:31:07.449] [Client thread/ERROR] [net.minecraft.client.MainWindow/]: ########## GL ERROR ##########
[21十月2019 00:31:07.449] [Client thread/ERROR] [net.minecraft.client.MainWindow/]: @ Render
[21十月2019 00:31:07.449] [Client thread/ERROR] [net.minecraft.client.MainWindow/]: 65539: Invalid key 0
[21十月2019 00:31:29.261] [Client thread/ERROR] [net.minecraft.client.MainWindow/]: ########## GL ERROR ##########
[21十月2019 00:31:29.261] [Client thread/ERROR] [net.minecraft.client.MainWindow/]: @ Render
[21十月2019 00:31:29.261] [Client thread/ERROR] [net.minecraft.client.MainWindow/]: 65539: Invalid key 0
[21十月2019 00:31:29.261] [Client thread/ERROR] [net.minecraft.client.MainWindow/]: ########## GL ERROR ##########
[21十月2019 00:31:29.262] [Client thread/ERROR] [net.minecraft.client.MainWindow/]: @ Render
[21十月2019 00:31:29.262] [Client thread/ERROR] [net.minecraft.client.MainWindow/]: 65539: Invalid key 0
[21十月2019 00:31:29.262] [Client thread/ERROR] [net.minecraft.client.MainWindow/]: ########## GL ERROR ##########
[21十月2019 00:31:29.262] [Client thread/ERROR] [net.minecraft.client.MainWindow/]: @ Render
[21十月2019 00:31:29.262] [Client thread/ERROR] [net.minecraft.client.MainWindow/]: 65539: Invalid key 0
[21十月2019 00:31:31.220] [Client thread/ERROR] [net.minecraft.client.MainWindow/]: ########## GL ERROR ##########
[21十月2019 00:31:31.220] [Client thread/ERROR] [net.minecraft.client.MainWindow/]: @ Render
[21十月2019 00:31:31.220] [Client thread/ERROR] [net.minecraft.client.MainWindow/]: 65539: Invalid key 0
[21十月2019 00:31:31.220] [Client thread/ERROR] [net.minecraft.client.MainWindow/]: ########## GL ERROR ##########
[21十月2019 00:31:31.220] [Client thread/ERROR] [net.minecraft.client.MainWindow/]: @ Render
[21十月2019 00:31:31.220] [Client thread/ERROR] [net.minecraft.client.MainWindow/]: 65539: Invalid key 0
[21十月2019 00:31:31.220] [Client thread/ERROR] [net.minecraft.client.MainWindow/]: ########## GL ERROR ##########
[21十月2019 00:31:31.220] [Client thread/ERROR] [net.minecraft.client.MainWindow/]: @ Render
[21十月2019 00:31:31.220] [Client thread/ERROR] [net.minecraft.client.MainWindow/]: 65539: Invalid key 0
[21十月2019 00:31:32.713] [Client thread/ERROR] [net.minecraft.client.MainWindow/]: ########## GL ERROR ##########
[21十月2019 00:31:32.714] [Client thread/ERROR] [net.minecraft.client.MainWindow/]: @ Render
[21十月2019 00:31:32.714] [Client thread/ERROR] [net.minecraft.client.MainWindow/]: 65539: Invalid key 0
[21十月2019 00:31:32.714] [Client thread/ERROR] [net.minecraft.client.MainWindow/]: ########## GL ERROR ##########
[21十月2019 00:31:32.714] [Client thread/ERROR] [net.minecraft.client.MainWindow/]: @ Render
[21十月2019 00:31:32.714] [Client thread/ERROR] [net.minecraft.client.MainWindow/]: 65539: Invalid key 0
[21十月2019 00:31:32.714] [Client thread/ERROR] [net.minecraft.client.MainWindow/]: ########## GL ERROR ##########
[21十月2019 00:31:32.714] [Client thread/ERROR] [net.minecraft.client.MainWindow/]: @ Render
[21十月2019 00:31:32.714] [Client thread/ERROR] [net.minecraft.client.MainWindow/]: 65539: Invalid key 0
[21十月2019 00:31:35.598] [Client thread/ERROR] [net.minecraft.client.MainWindow/]: ########## GL ERROR ##########
[21十月2019 00:31:35.598] [Client thread/ERROR] [net.minecraft.client.MainWindow/]: @ Render
[21十月2019 00:31:35.598] [Client thread/ERROR] [net.minecraft.client.MainWindow/]: 65539: Invalid key 0
[21十月2019 00:31:35.598] [Client thread/ERROR] [net.minecraft.client.MainWindow/]: ########## GL ERROR ##########
[21十月2019 00:31:35.598] [Client thread/ERROR] [net.minecraft.client.MainWindow/]: @ Render
[21十月2019 00:31:35.598] [Client thread/ERROR] [net.minecraft.client.MainWindow/]: 65539: Invalid key 0
[21十月2019 00:31:35.598] [Client thread/ERROR] [net.minecraft.client.MainWindow/]: ########## GL ERROR ##########
[21十月2019 00:31:35.598] [Client thread/ERROR] [net.minecraft.client.MainWindow/]: @ Render
[21十月2019 00:31:35.598] [Client thread/ERROR] [net.minecraft.client.MainWindow/]: 65539: Invalid key 0
[21十月2019 00:31:38.020] [Client thread/ERROR] [net.minecraft.client.MainWindow/]: ########## GL ERROR ##########
[21十月2019 00:31:38.020] [Client thread/ERROR] [net.minecraft.client.MainWindow/]: @ Render
[21十月2019 00:31:38.020] [Client thread/ERROR] [net.minecraft.client.MainWindow/]: 65539: Invalid key 0
[21十月2019 00:31:38.020] [Client thread/ERROR] [net.minecraft.client.MainWindow/]: ########## GL ERROR ##########
[21十月2019 00:31:38.020] [Client thread/ERROR] [net.minecraft.client.MainWindow/]: @ Render
[21十月2019 00:31:38.020] [Client thread/ERROR] [net.minecraft.client.MainWindow/]: 65539: Invalid key 0
[21十月2019 00:31:38.020] [Client thread/ERROR] [net.minecraft.client.MainWindow/]: ########## GL ERROR ##########
[21十月2019 00:31:38.020] [Client thread/ERROR] [net.minecraft.client.MainWindow/]: @ Render
[21十月2019 00:31:38.020] [Client thread/ERROR] [net.minecraft.client.MainWindow/]: 65539: Invalid key 0
[21十月2019 00:31:48.852] [Client thread/ERROR] [net.minecraft.client.MainWindow/]: ########## GL ERROR ##########
[21十月2019 00:31:48.852] [Client thread/ERROR] [net.minecraft.client.MainWindow/]: @ Render
[21十月2019 00:31:48.852] [Client thread/ERROR] [net.minecraft.client.MainWindow/]: 65539: Invalid key 0
[21十月2019 00:31:48.852] [Client thread/ERROR] [net.minecraft.client.MainWindow/]: ########## GL ERROR ##########
[21十月2019 00:31:48.852] [Client thread/ERROR] [net.minecraft.client.MainWindow/]: @ Render
[21十月2019 00:31:48.852] [Client thread/ERROR] [net.minecraft.client.MainWindow/]: 65539: Invalid key 0
[21十月2019 00:31:48.852] [Client thread/ERROR] [net.minecraft.client.MainWindow/]: ########## GL ERROR ##########
[21十月2019 00:31:48.852] [Client thread/ERROR] [net.minecraft.client.MainWindow/]: @ Render
[21十月2019 00:31:48.852] [Client thread/ERROR] [net.minecraft.client.MainWindow/]: 65539: Invalid key 0
[21十月2019 00:31:55.401] [Client thread/ERROR] [net.minecraft.client.MainWindow/]: ########## GL ERROR ##########
[21十月2019 00:31:55.401] [Client thread/ERROR] [net.minecraft.client.MainWindow/]: @ Render
[21十月2019 00:31:55.401] [Client thread/ERROR] [net.minecraft.client.MainWindow/]: 65539: Invalid key 0
[21十月2019 00:31:55.401] [Client thread/ERROR] [net.minecraft.client.MainWindow/]: ########## GL ERROR ##########
[21十月2019 00:31:55.401] [Client thread/ERROR] [net.minecraft.client.MainWindow/]: @ Render
[21十月2019 00:31:55.401] [Client thread/ERROR] [net.minecraft.client.MainWindow/]: 65539: Invalid key 0
[21十月2019 00:31:55.401] [Client thread/ERROR] [net.minecraft.client.MainWindow/]: ########## GL ERROR ##########
[21十月2019 00:31:55.401] [Client thread/ERROR] [net.minecraft.client.MainWindow/]: @ Render
[21十月2019 00:31:55.402] [Client thread/ERROR] [net.minecraft.client.MainWindow/]: 65539: Invalid key 0
[21十月2019 00:32:05.337] [Client thread/ERROR] [net.minecraft.client.MainWindow/]: ########## GL ERROR ##########
[21十月2019 00:32:05.337] [Client thread/ERROR] [net.minecraft.client.MainWindow/]: @ Render
[21十月2019 00:32:05.337] [Client thread/ERROR] [net.minecraft.client.MainWindow/]: 65539: Invalid key 0
[21十月2019 00:32:05.337] [Client thread/ERROR] [net.minecraft.client.MainWindow/]: ########## GL ERROR ##########
[21十月2019 00:32:05.337] [Client thread/ERROR] [net.minecraft.client.MainWindow/]: @ Render
[21十月2019 00:32:05.337] [Client thread/ERROR] [net.minecraft.client.MainWindow/]: 65539: Invalid key 0
[21十月2019 00:32:05.337] [Client thread/ERROR] [net.minecraft.client.MainWindow/]: ########## GL ERROR ##########
[21十月2019 00:32:05.337] [Client thread/ERROR] [net.minecraft.client.MainWindow/]: @ Render
[21十月2019 00:32:05.337] [Client thread/ERROR] [net.minecraft.client.MainWindow/]: 65539: Invalid key 0
[21十月2019 00:32:06.129] [Client thread/ERROR] [net.minecraft.client.MainWindow/]: ########## GL ERROR ##########
[21十月2019 00:32:06.129] [Client thread/ERROR] [net.minecraft.client.MainWindow/]: @ Render
[21十月2019 00:32:06.129] [Client thread/ERROR] [net.minecraft.client.MainWindow/]: 65539: Invalid key 0
[21十月2019 00:32:06.129] [Client thread/ERROR] [net.minecraft.client.MainWindow/]: ########## GL ERROR ##########
[21十月2019 00:32:06.129] [Client thread/ERROR] [net.minecraft.client.MainWindow/]: @ Render
[21十月2019 00:32:06.129] [Client thread/ERROR] [net.minecraft.client.MainWindow/]: 65539: Invalid key 0
[21十月2019 00:32:06.129] [Client thread/ERROR] [net.minecraft.client.MainWindow/]: ########## GL ERROR ##########
[21十月2019 00:32:06.129] [Client thread/ERROR] [net.minecraft.client.MainWindow/]: @ Render
[21十月2019 00:32:06.129] [Client thread/ERROR] [net.minecraft.client.MainWindow/]: 65539: Invalid key 0
[21十月2019 00:32:08.145] [Client thread/ERROR] [net.minecraft.client.MainWindow/]: ########## GL ERROR ##########
[21十月2019 00:32:08.145] [Client thread/ERROR] [net.minecraft.client.MainWindow/]: @ Render
[21十月2019 00:32:08.145] [Client thread/ERROR] [net.minecraft.client.MainWindow/]: 65539: Invalid key 0
[21十月2019 00:32:08.145] [Client thread/ERROR] [net.minecraft.client.MainWindow/]: ########## GL ERROR ##########
[21十月2019 00:32:08.145] [Client thread/ERROR] [net.minecraft.client.MainWindow/]: @ Render
[21十月2019 00:32:08.145] [Client thread/ERROR] [net.minecraft.client.MainWindow/]: 65539: Invalid key 0
[21十月2019 00:32:08.145] [Client thread/ERROR] [net.minecraft.client.MainWindow/]: ########## GL ERROR ##########
[21十月2019 00:32:08.145] [Client thread/ERROR] [net.minecraft.client.MainWindow/]: @ Render
[21十月2019 00:32:08.145] [Client thread/ERROR] [net.minecraft.client.MainWindow/]: 65539: Invalid key 0
[21十月2019 00:32:12.399] [Client thread/ERROR] [net.minecraft.client.MainWindow/]: ########## GL ERROR ##########
[21十月2019 00:32:12.399] [Client thread/ERROR] [net.minecraft.client.MainWindow/]: @ Render
[21十月2019 00:32:12.399] [Client thread/ERROR] [net.minecraft.client.MainWindow/]: 65539: Invalid key 0
[21十月2019 00:32:12.399] [Client thread/ERROR] [net.minecraft.client.MainWindow/]: ########## GL ERROR ##########
[21十月2019 00:32:12.399] [Client thread/ERROR] [net.minecraft.client.MainWindow/]: @ Render
[21十月2019 00:32:12.399] [Client thread/ERROR] [net.minecraft.client.MainWindow/]: 65539: Invalid key 0
[21十月2019 00:32:12.399] [Client thread/ERROR] [net.minecraft.client.MainWindow/]: ########## GL ERROR ##########
[21十月2019 00:32:12.400] [Client thread/ERROR] [net.minecraft.client.MainWindow/]: @ Render
[21十月2019 00:32:12.400] [Client thread/ERROR] [net.minecraft.client.MainWindow/]: 65539: Invalid key 0
[21十月2019 00:32:41.532] [Client thread/ERROR] [net.minecraft.client.MainWindow/]: ########## GL ERROR ##########
[21十月2019 00:32:41.532] [Client thread/ERROR] [net.minecraft.client.MainWindow/]: @ Render
[21十月2019 00:32:41.532] [Client thread/ERROR] [net.minecraft.client.MainWindow/]: 65539: Invalid key 0
[21十月2019 00:32:41.532] [Client thread/ERROR] [net.minecraft.client.MainWindow/]: ########## GL ERROR ##########
[21十月2019 00:32:41.532] [Client thread/ERROR] [net.minecraft.client.MainWindow/]: @ Render
[21十月2019 00:32:41.532] [Client thread/ERROR] [net.minecraft.client.MainWindow/]: 65539: Invalid key 0
[21十月2019 00:32:41.532] [Client thread/ERROR] [net.minecraft.client.MainWindow/]: ########## GL ERROR ##########
[21十月2019 00:32:41.532] [Client thread/ERROR] [net.minecraft.client.MainWindow/]: @ Render
[21十月2019 00:32:41.532] [Client thread/ERROR] [net.minecraft.client.MainWindow/]: 65539: Invalid key 0
[21十月2019 00:33:10.564] [Client thread/ERROR] [net.minecraft.client.MainWindow/]: ########## GL ERROR ##########
[21十月2019 00:33:10.564] [Client thread/ERROR] [net.minecraft.client.MainWindow/]: @ Render
[21十月2019 00:33:10.564] [Client thread/ERROR] [net.minecraft.client.MainWindow/]: 65539: Invalid key 0
[21十月2019 00:33:10.564] [Client thread/ERROR] [net.minecraft.client.MainWindow/]: ########## GL ERROR ##########
[21十月2019 00:33:10.564] [Client thread/ERROR] [net.minecraft.client.MainWindow/]: @ Render
[21十月2019 00:33:10.564] [Client thread/ERROR] [net.minecraft.client.MainWindow/]: 65539: Invalid key 0
[21十月2019 00:33:10.565] [Client thread/ERROR] [net.minecraft.client.MainWindow/]: ########## GL ERROR ##########
[21十月2019 00:33:10.867] [Client thread/ERROR] [net.minecraft.client.MainWindow/]: @ Render
[21十月2019 00:33:10.867] [Client thread/ERROR] [net.minecraft.client.MainWindow/]: 65539: Invalid key 0
[21十月2019 00:33:26.064] [Client thread/ERROR] [net.minecraft.client.MainWindow/]: ########## GL ERROR ##########
[21十月2019 00:33:26.064] [Client thread/ERROR] [net.minecraft.client.MainWindow/]: @ Render
[21十月2019 00:33:26.064] [Client thread/ERROR] [net.minecraft.client.MainWindow/]: 65539: Invalid key 0
[21十月2019 00:33:26.064] [Client thread/ERROR] [net.minecraft.client.MainWindow/]: ########## GL ERROR ##########
[21十月2019 00:33:26.064] [Client thread/ERROR] [net.minecraft.client.MainWindow/]: @ Render
[21十月2019 00:33:26.064] [Client thread/ERROR] [net.minecraft.client.MainWindow/]: 65539: Invalid key 0
[21十月2019 00:33:26.064] [Client thread/ERROR] [net.minecraft.client.MainWindow/]: ########## GL ERROR ##########
[21十月2019 00:33:26.064] [Client thread/ERROR] [net.minecraft.client.MainWindow/]: @ Render
[21十月2019 00:33:26.064] [Client thread/ERROR] [net.minecraft.client.MainWindow/]: 65539: Invalid key 0
[21十月2019 00:34:47.657] [Client thread/INFO] [net.minecraft.advancements.AdvancementList/]: Loaded 183 advancements
[21十月2019 00:34:54.844] [Client thread/ERROR] [net.minecraft.client.MainWindow/]: ########## GL ERROR ##########
[21十月2019 00:34:54.844] [Client thread/ERROR] [net.minecraft.client.MainWindow/]: @ Render
[21十月2019 00:34:54.844] [Client thread/ERROR] [net.minecraft.client.MainWindow/]: 65539: Invalid key 0
[21十月2019 00:34:54.844] [Client thread/ERROR] [net.minecraft.client.MainWindow/]: ########## GL ERROR ##########
[21十月2019 00:34:54.844] [Client thread/ERROR] [net.minecraft.client.MainWindow/]: @ Render
[21十月2019 00:34:54.844] [Client thread/ERROR] [net.minecraft.client.MainWindow/]: 65539: Invalid key 0
[21十月2019 00:34:54.844] [Client thread/ERROR] [net.minecraft.client.MainWindow/]: ########## GL ERROR ##########
[21十月2019 00:34:54.844] [Client thread/ERROR] [net.minecraft.client.MainWindow/]: @ Render
[21十月2019 00:34:54.844] [Client thread/ERROR] [net.minecraft.client.MainWindow/]: 65539: Invalid key 0
[21十月2019 00:36:12.696] [Client thread/ERROR] [net.minecraft.client.MainWindow/]: ########## GL ERROR ##########
[21十月2019 00:36:12.696] [Client thread/ERROR] [net.minecraft.client.MainWindow/]: @ Render
[21十月2019 00:36:12.696] [Client thread/ERROR] [net.minecraft.client.MainWindow/]: 65539: Invalid key 0
[21十月2019 00:36:12.696] [Client thread/ERROR] [net.minecraft.client.MainWindow/]: ########## GL ERROR ##########
[21十月2019 00:36:12.696] [Client thread/ERROR] [net.minecraft.client.MainWindow/]: @ Render
[21十月2019 00:36:12.696] [Client thread/ERROR] [net.minecraft.client.MainWindow/]: 65539: Invalid key 0
[21十月2019 00:36:12.696] [Client thread/ERROR] [net.minecraft.client.MainWindow/]: ########## GL ERROR ##########
[21十月2019 00:36:12.696] [Client thread/ERROR] [net.minecraft.client.MainWindow/]: @ Render
[21十月2019 00:36:12.696] [Client thread/ERROR] [net.minecraft.client.MainWindow/]: 65539: Invalid key 0
[21十月2019 00:36:18.003] [Client thread/ERROR] [net.minecraft.client.MainWindow/]: ########## GL ERROR ##########
[21十月2019 00:36:18.003] [Client thread/ERROR] [net.minecraft.client.MainWindow/]: @ Render
[21十月2019 00:36:18.003] [Client thread/ERROR] [net.minecraft.client.MainWindow/]: 65539: Invalid key 0
[21十月2019 00:36:18.003] [Client thread/ERROR] [net.minecraft.client.MainWindow/]: ########## GL ERROR ##########
[21十月2019 00:36:18.003] [Client thread/ERROR] [net.minecraft.client.MainWindow/]: @ Render
[21十月2019 00:36:18.003] [Client thread/ERROR] [net.minecraft.client.MainWindow/]: 65539: Invalid key 0
[21十月2019 00:36:18.004] [Client thread/ERROR] [net.minecraft.client.MainWindow/]: ########## GL ERROR ##########
[21十月2019 00:36:18.004] [Client thread/ERROR] [net.minecraft.client.MainWindow/]: @ Render
[21十月2019 00:36:18.004] [Client thread/ERROR] [net.minecraft.client.MainWindow/]: 65539: Invalid key 0
[21十月2019 00:36:30.666] [Client thread/ERROR] [net.minecraft.client.MainWindow/]: ########## GL ERROR ##########
[21十月2019 00:36:30.667] [Client thread/ERROR] [net.minecraft.client.MainWindow/]: @ Render
[21十月2019 00:36:30.667] [Client thread/ERROR] [net.minecraft.client.MainWindow/]: 65539: Invalid key 0
[21十月2019 00:36:30.667] [Client thread/ERROR] [net.minecraft.client.MainWindow/]: ########## GL ERROR ##########
[21十月2019 00:36:30.667] [Client thread/ERROR] [net.minecraft.client.MainWindow/]: @ Render
[21十月2019 00:36:30.667] [Client thread/ERROR] [net.minecraft.client.MainWindow/]: 65539: Invalid key 0
[21十月2019 00:36:30.667] [Client thread/ERROR] [net.minecraft.client.MainWindow/]: ########## GL ERROR ##########
[21十月2019 00:36:30.667] [Client thread/ERROR] [net.minecraft.client.MainWindow/]: @ Render
[21十月2019 00:36:30.667] [Client thread/ERROR] [net.minecraft.client.MainWindow/]: 65539: Invalid key 0
[21十月2019 00:37:17.207] [Client thread/WARN] [net.minecraft.client.network.play.ClientPlayNetHandler/]: Received passengers for unknown entity
[21十月2019 00:38:00.887] [Client thread/INFO] [net.minecraft.advancements.AdvancementList/]: Loaded 185 advancements
[21十月2019 00:38:03.167] [Client thread/INFO] [net.minecraft.advancements.AdvancementList/]: Loaded 186 advancements
[21十月2019 00:38:06.036] [Client thread/ERROR] [net.minecraft.client.MainWindow/]: ########## GL ERROR ##########
[21十月2019 00:38:06.208] [Client thread/ERROR] [net.minecraft.client.MainWindow/]: @ Render
[21十月2019 00:38:06.209] [Client thread/ERROR] [net.minecraft.client.MainWindow/]: 65539: Invalid key 0
[21十月2019 00:38:06.209] [Client thread/ERROR] [net.minecraft.client.MainWindow/]: ########## GL ERROR ##########
[21十月2019 00:38:06.209] [Client thread/ERROR] [net.minecraft.client.MainWindow/]: @ Render
[21十月2019 00:38:06.209] [Client thread/ERROR] [net.minecraft.client.MainWindow/]: 65539: Invalid key 0
[21十月2019 00:38:06.209] [Client thread/ERROR] [net.minecraft.client.MainWindow/]: ########## GL ERROR ##########
[21十月2019 00:38:06.209] [Client thread/ERROR] [net.minecraft.client.MainWindow/]: @ Render
[21十月2019 00:38:06.209] [Client thread/ERROR] [net.minecraft.client.MainWindow/]: 65539: Invalid key 0
[21十月2019 00:38:27.954] [Client thread/ERROR] [net.minecraft.client.MainWindow/]: ########## GL ERROR ##########
[21十月2019 00:38:27.954] [Client thread/ERROR] [net.minecraft.client.MainWindow/]: @ Render
[21十月2019 00:38:27.954] [Client thread/ERROR] [net.minecraft.client.MainWindow/]: 65539: Invalid key 0
[21十月2019 00:38:27.954] [Client thread/ERROR] [net.minecraft.client.MainWindow/]: ########## GL ERROR ##########
[21十月2019 00:38:27.954] [Client thread/ERROR] [net.minecraft.client.MainWindow/]: @ Render
[21十月2019 00:38:27.954] [Client thread/ERROR] [net.minecraft.client.MainWindow/]: 65539: Invalid key 0
[21十月2019 00:38:27.954] [Client thread/ERROR] [net.minecraft.client.MainWindow/]: ########## GL ERROR ##########
[21十月2019 00:38:27.954] [Client thread/ERROR] [net.minecraft.client.MainWindow/]: @ Render
[21十月2019 00:38:27.954] [Client thread/ERROR] [net.minecraft.client.MainWindow/]: 65539: Invalid key 0
[21十月2019 00:38:36.630] [Client thread/ERROR] [net.minecraft.client.MainWindow/]: ########## GL ERROR ##########
[21十月2019 00:38:36.630] [Client thread/ERROR] [net.minecraft.client.MainWindow/]: @ Render
[21十月2019 00:38:36.630] [Client thread/ERROR] [net.minecraft.client.MainWindow/]: 65539: Invalid key 0
[21十月2019 00:38:36.630] [Client thread/ERROR] [net.minecraft.client.MainWindow/]: ########## GL ERROR ##########
[21十月2019 00:38:36.630] [Client thread/ERROR] [net.minecraft.client.MainWindow/]: @ Render
[21十月2019 00:38:36.630] [Client thread/ERROR] [net.minecraft.client.MainWindow/]: 65539: Invalid key 0
[21十月2019 00:38:36.631] [Client thread/ERROR] [net.minecraft.client.MainWindow/]: ########## GL ERROR ##########
[21十月2019 00:38:36.631] [Client thread/ERROR] [net.minecraft.client.MainWindow/]: @ Render
[21十月2019 00:38:36.631] [Client thread/ERROR] [net.minecraft.client.MainWindow/]: 65539: Invalid key 0
[21十月2019 00:38:44.610] [Client thread/INFO] [net.minecraft.advancements.AdvancementList/]: Loaded 186 advancements
[21十月2019 00:39:42.561] [Client thread/INFO] [net.minecraft.advancements.AdvancementList/]: Loaded 188 advancements
[21十月2019 00:39:49.864] [Client thread/ERROR] [net.minecraft.client.MainWindow/]: ########## GL ERROR ##########
[21十月2019 00:39:49.864] [Client thread/ERROR] [net.minecraft.client.MainWindow/]: @ Render
[21十月2019 00:39:49.864] [Client thread/ERROR] [net.minecraft.client.MainWindow/]: 65539: Invalid key 0
[21十月2019 00:39:49.864] [Client thread/ERROR] [net.minecraft.client.MainWindow/]: ########## GL ERROR ##########
[21十月2019 00:39:49.864] [Client thread/ERROR] [net.minecraft.client.MainWindow/]: @ Render
[21十月2019 00:39:49.864] [Client thread/ERROR] [net.minecraft.client.MainWindow/]: 65539: Invalid key 0
[21十月2019 00:39:49.864] [Client thread/ERROR] [net.minecraft.client.MainWindow/]: ########## GL ERROR ##########
[21十月2019 00:39:49.864] [Client thread/ERROR] [net.minecraft.client.MainWindow/]: @ Render
[21十月2019 00:39:49.864] [Client thread/ERROR] [net.minecraft.client.MainWindow/]: 65539: Invalid key 0
[21十月2019 00:39:58.990] [Client thread/ERROR] [net.minecraft.client.MainWindow/]: ########## GL ERROR ##########
[21十月2019 00:39:58.990] [Client thread/ERROR] [net.minecraft.client.MainWindow/]: @ Render
[21十月2019 00:39:58.990] [Client thread/ERROR] [net.minecraft.client.MainWindow/]: 65539: Invalid key 0
[21十月2019 00:39:58.990] [Client thread/ERROR] [net.minecraft.client.MainWindow/]: ########## GL ERROR ##########
[21十月2019 00:39:58.990] [Client thread/ERROR] [net.minecraft.client.MainWindow/]: @ Render
[21十月2019 00:39:58.991] [Client thread/ERROR] [net.minecraft.client.MainWindow/]: 65539: Invalid key 0
[21十月2019 00:39:58.991] [Client thread/ERROR] [net.minecraft.client.MainWindow/]: ########## GL ERROR ##########
[21十月2019 00:39:58.991] [Client thread/ERROR] [net.minecraft.client.MainWindow/]: @ Render
[21十月2019 00:39:58.991] [Client thread/ERROR] [net.minecraft.client.MainWindow/]: 65539: Invalid key 0
[21十月2019 00:41:21.201] [Client thread/ERROR] [net.minecraft.client.MainWindow/]: ########## GL ERROR ##########
[21十月2019 00:41:21.202] [Client thread/ERROR] [net.minecraft.client.MainWindow/]: @ Render
[21十月2019 00:41:21.202] [Client thread/ERROR] [net.minecraft.client.MainWindow/]: 65539: Invalid key 0
[21十月2019 00:41:21.202] [Client thread/ERROR] [net.minecraft.client.MainWindow/]: ########## GL ERROR ##########
[21十月2019 00:41:21.202] [Client thread/ERROR] [net.minecraft.client.MainWindow/]: @ Render
[21十月2019 00:41:21.202] [Client thread/ERROR] [net.minecraft.client.MainWindow/]: 65539: Invalid key 0
[21十月2019 00:41:21.202] [Client thread/ERROR] [net.minecraft.client.MainWindow/]: ########## GL ERROR ##########
[21十月2019 00:41:21.202] [Client thread/ERROR] [net.minecraft.client.MainWindow/]: @ Render
[21十月2019 00:41:21.202] [Client thread/ERROR] [net.minecraft.client.MainWindow/]: 65539: Invalid key 0
[21十月2019 00:41:38.565] [Client thread/ERROR] [net.minecraft.client.MainWindow/]: ########## GL ERROR ##########
[21十月2019 00:41:38.565] [Client thread/ERROR] [net.minecraft.client.MainWindow/]: @ Render
[21十月2019 00:41:38.565] [Client thread/ERROR] [net.minecraft.client.MainWindow/]: 65539: Invalid key 0
[21十月2019 00:41:38.565] [Client thread/ERROR] [net.minecraft.client.MainWindow/]: ########## GL ERROR ##########
[21十月2019 00:41:38.565] [Client thread/ERROR] [net.minecraft.client.MainWindow/]: @ Render
[21十月2019 00:41:38.565] [Client thread/ERROR] [net.minecraft.client.MainWindow/]: 65539: Invalid key 0
[21十月2019 00:41:38.566] [Client thread/ERROR] [net.minecraft.client.MainWindow/]: ########## GL ERROR ##########
[21十月2019 00:41:38.566] [Client thread/ERROR] [net.minecraft.client.MainWindow/]: @ Render
[21十月2019 00:41:38.566] [Client thread/ERROR] [net.minecraft.client.MainWindow/]: 65539: Invalid key 0
[21十月2019 00:41:46.682] [Client thread/ERROR] [net.minecraft.client.MainWindow/]: ########## GL ERROR ##########
[21十月2019 00:41:46.682] [Client thread/ERROR] [net.minecraft.client.MainWindow/]: @ Render
[21十月2019 00:41:46.682] [Client thread/ERROR] [net.minecraft.client.MainWindow/]: 65539: Invalid key 0
[21十月2019 00:41:46.682] [Client thread/ERROR] [net.minecraft.client.MainWindow/]: ########## GL ERROR ##########
[21十月2019 00:41:46.682] [Client thread/ERROR] [net.minecraft.client.MainWindow/]: @ Render
[21十月2019 00:41:46.682] [Client thread/ERROR] [net.minecraft.client.MainWindow/]: 65539: Invalid key 0
[21十月2019 00:41:46.683] [Client thread/ERROR] [net.minecraft.client.MainWindow/]: ########## GL ERROR ##########
[21十月2019 00:41:46.683] [Client thread/ERROR] [net.minecraft.client.MainWindow/]: @ Render
[21十月2019 00:41:46.683] [Client thread/ERROR] [net.minecraft.client.MainWindow/]: 65539: Invalid key 0
[21十月2019 00:42:23.061] [Client thread/WARN] [net.minecraft.client.network.play.ClientPlayNetHandler/]: Received passengers for unknown entity
[21十月2019 00:42:43.784] [Client thread/ERROR] [net.minecraft.client.MainWindow/]: ########## GL ERROR ##########
[21十月2019 00:42:43.784] [Client thread/ERROR] [net.minecraft.client.MainWindow/]: @ Render
[21十月2019 00:42:43.784] [Client thread/ERROR] [net.minecraft.client.MainWindow/]: 65539: Invalid key 0
[21十月2019 00:42:43.784] [Client thread/ERROR] [net.minecraft.client.MainWindow/]: ########## GL ERROR ##########
[21十月2019 00:42:43.784] [Client thread/ERROR] [net.minecraft.client.MainWindow/]: @ Render
[21十月2019 00:42:43.784] [Client thread/ERROR] [net.minecraft.client.MainWindow/]: 65539: Invalid key 0
[21十月2019 00:42:43.784] [Client thread/ERROR] [net.minecraft.client.MainWindow/]: ########## GL ERROR ##########
[21十月2019 00:42:43.784] [Client thread/ERROR] [net.minecraft.client.MainWindow/]: @ Render
[21十月2019 00:42:43.784] [Client thread/ERROR] [net.minecraft.client.MainWindow/]: 65539: Invalid key 0
[21十月2019 00:42:48.714] [Client thread/ERROR] [net.minecraft.client.MainWindow/]: ########## GL ERROR ##########
[21十月2019 00:42:48.714] [Client thread/ERROR] [net.minecraft.client.MainWindow/]: @ Render
[21十月2019 00:42:48.714] [Client thread/ERROR] [net.minecraft.client.MainWindow/]: 65539: Invalid key 0
[21十月2019 00:42:48.714] [Client thread/ERROR] [net.minecraft.client.MainWindow/]: ########## GL ERROR ##########
[21十月2019 00:42:48.714] [Client thread/ERROR] [net.minecraft.client.MainWindow/]: @ Render
[21十月2019 00:42:48.714] [Client thread/ERROR] [net.minecraft.client.MainWindow/]: 65539: Invalid key 0
[21十月2019 00:42:48.714] [Client thread/ERROR] [net.minecraft.client.MainWindow/]: ########## GL ERROR ##########
[21十月2019 00:42:48.714] [Client thread/ERROR] [net.minecraft.client.MainWindow/]: @ Render
[21十月2019 00:42:48.714] [Client thread/ERROR] [net.minecraft.client.MainWindow/]: 65539: Invalid key 0
[21十月2019 00:42:59.863] [Client thread/INFO] [net.minecraft.advancements.AdvancementList/]: Loaded 196 advancements
[21十月2019 00:43:08.446] [Client thread/ERROR] [net.minecraft.client.MainWindow/]: ########## GL ERROR ##########
[21十月2019 00:43:08.446] [Client thread/ERROR] [net.minecraft.client.MainWindow/]: @ Render
[21十月2019 00:43:08.446] [Client thread/ERROR] [net.minecraft.client.MainWindow/]: 65539: Invalid key 0
[21十月2019 00:43:08.447] [Client thread/ERROR] [net.minecraft.client.MainWindow/]: ########## GL ERROR ##########
[21十月2019 00:43:08.447] [Client thread/ERROR] [net.minecraft.client.MainWindow/]: @ Render
[21十月2019 00:43:08.447] [Client thread/ERROR] [net.minecraft.client.MainWindow/]: 65539: Invalid key 0
[21十月2019 00:43:08.447] [Client thread/ERROR] [net.minecraft.client.MainWindow/]: ########## GL ERROR ##########
[21十月2019 00:43:08.447] [Client thread/ERROR] [net.minecraft.client.MainWindow/]: @ Render
[21十月2019 00:43:08.447] [Client thread/ERROR] [net.minecraft.client.MainWindow/]: 65539: Invalid key 0
[21十月2019 00:43:21.651] [Client thread/ERROR] [net.minecraft.client.MainWindow/]: ########## GL ERROR ##########
[21十月2019 00:43:21.651] [Client thread/ERROR] [net.minecraft.client.MainWindow/]: @ Render
[21十月2019 00:43:21.651] [Client thread/ERROR] [net.minecraft.client.MainWindow/]: 65539: Invalid key 0
[21十月2019 00:43:21.651] [Client thread/ERROR] [net.minecraft.client.MainWindow/]: ########## GL ERROR ##########
[21十月2019 00:43:21.651] [Client thread/ERROR] [net.minecraft.client.MainWindow/]: @ Render
[21十月2019 00:43:21.651] [Client thread/ERROR] [net.minecraft.client.MainWindow/]: 65539: Invalid key 0
[21十月2019 00:43:21.651] [Client thread/ERROR] [net.minecraft.client.MainWindow/]: ########## GL ERROR ##########
[21十月2019 00:43:21.651] [Client thread/ERROR] [net.minecraft.client.MainWindow/]: @ Render
[21十月2019 00:43:21.651] [Client thread/ERROR] [net.minecraft.client.MainWindow/]: 65539: Invalid key 0
[21十月2019 00:43:37.415] [Client thread/ERROR] [net.minecraft.client.MainWindow/]: ########## GL ERROR ##########
[21十月2019 00:43:37.415] [Client thread/ERROR] [net.minecraft.client.MainWindow/]: @ Render
[21十月2019 00:43:37.415] [Client thread/ERROR] [net.minecraft.client.MainWindow/]: 65539: Invalid key 0
[21十月2019 00:43:37.415] [Client thread/ERROR] [net.minecraft.client.MainWindow/]: ########## GL ERROR ##########
[21十月2019 00:43:37.415] [Client thread/ERROR] [net.minecraft.client.MainWindow/]: @ Render
[21十月2019 00:43:37.415] [Client thread/ERROR] [net.minecraft.client.MainWindow/]: 65539: Invalid key 0
[21十月2019 00:43:37.415] [Client thread/ERROR] [net.minecraft.client.MainWindow/]: ########## GL ERROR ##########
[21十月2019 00:43:37.415] [Client thread/ERROR] [net.minecraft.client.MainWindow/]: @ Render
[21十月2019 00:43:37.415] [Client thread/ERROR] [net.minecraft.client.MainWindow/]: 65539: Invalid key 0
[21十月2019 00:45:17.463] [Client thread/INFO] [net.minecraft.client.Minecraft/]: Stopping!
