[19:11:39] [main/INFO] [JMLogger] JourneyMap log initialized.
[19:11:39] [main/INFO] [JourneymapClient] initialize ENTER
[19:11:39] [Client thread/INFO] [?] Version: JourneyMap 1.12.2-5.5.5, built with Forge 14.23.5.2768
Forge: 14.23.5.2768
Environment: os.name, os.arch, java.version, user.country, user.language=null, game language=zh_cn, locale=zh_cn
Features: 
	RadarPlayers : singleplayer = true , multiplayer = true
	RadarAnimals : singleplayer = true , multiplayer = true
	RadarMobs : singleplayer = true , multiplayer = true
	RadarVillagers : singleplayer = true , multiplayer = true
	MapTopo : singleplayer = true , multiplayer = true
	MapSurface : singleplayer = true , multiplayer = true
	MapCaves : singleplayer = true , multiplayer = true
MiniMapProperties{state=Valid, file=journeymap.minimap.config, configVersion=5.5.5, zoomLevel=0, showPlayers=true, frameAlpha=100, compassFontScale=2, terrainAlpha=100, showEntityNames=true, enabled=true, showPlayerHeading=true, showVillagers=true, info2Label=Game Time, sizePercent=30, showDayNight=true, info3Label=Location, showMobs=true, showPets=true, preferredMapType=night, showCompass=true, mobDisplay=Small Dots, showReticle=true, orientation=指向北方, shape=圆形, showSelf=true, info4Label=Biome, locationFormat=xzyv, playerDisplay=Small Dots, showGrid=true, reticleOrientation=罗盘模式, showWaypoints=true, showCaves=true, showAnimals=true, showMobHeading=true, showWaypointLabels=true, locationFormatVerbose=true, position=屏幕右上, info1Label=Blank, fontScale=2}
MiniMapProperties{state=Valid, file=journeymap.minimap2.config, configVersion=5.5.5, zoomLevel=0, showPlayers=true, frameAlpha=100, compassFontScale=2, terrainAlpha=100, showEntityNames=true, enabled=true, showPlayerHeading=true, showVillagers=true, info2Label=Game Time, sizePercent=30, showDayNight=true, info3Label=Location, showMobs=true, showPets=true, preferredMapType=day, showCompass=true, mobDisplay=Small Dots, showReticle=true, orientation=指向北方, shape=矩形, showSelf=true, info4Label=Biome, locationFormat=xzyv, playerDisplay=Small Dots, showGrid=true, reticleOrientation=罗盘模式, showWaypoints=true, showCaves=true, showAnimals=true, showMobHeading=true, showWaypointLabels=true, locationFormatVerbose=true, position=屏幕右上, info1Label=Blank, fontScale=2}
FullMapProperties{state=Valid, file=journeymap.fullmap.config, configVersion=5.5.5, mobDisplay=Small Dots, zoomLevel=4, showPlayers=true, showSelf=true, locationFormat=xzyv, playerDisplay=Small Dots, showGrid=true, showEntityNames=true, showPlayerHeading=true, showVillagers=true, showWaypoints=true, showCaves=true, showAnimals=true, showMobHeading=true, showKeys=true, showWaypointLabels=true, locationFormatVerbose=true, showMobs=true, showPets=true, fontScale=2, preferredMapType=day}
WaypointProperties{state=Valid, file=journeymap.waypoint.config, configVersion=5.5.5, createDeathpoints=true, showName=true, maxDistance=0, autoHideLabel=true, teleportCommand=/tp {name} {x} {y} {z}, showStaticBeam=true, minDistance=4, boldLabel=false, textureSmall=true, showDistance=true, showRotatingBeam=true, fontScale=2, showTexture=true, managerEnabled=true, beaconEnabled=true}
WebMapProperties{state=Valid, file=journeymap.webmap.config, configVersion=5.5.5, zoomLevel=0, showWaypoints=true, showCaves=true, showSelf=true, port=8080, showGrid=true, showEntityNames=true, enabled=false, googleMapApiDomain=.com, preferredMapType=day}
CoreProperties{state=Valid, file=journeymap.core.config, configVersion=5.5.5, verboseColorPalette=false, maxPlayersData=32, mapSurfaceAboveCaves=true, optionsManagerViewed=5.5.5, announceMod=true, colorPassive=#bbbbbb, renderOverlayEventTypeName=ALL, mapBlendWater=false, renderDistanceSurfaceMax=7, radarVerticalDistance=16, mapBlendGrass=true, recordCacheStats=false, hideSneakingEntities=true, revealShape=圆形, alwaysMapSurface=false, colorVillager=#88e188, mapPlants=false, colorPet=#0077ff, radarLateralDistance=64, mapBathymetry=false, mapCrops=true, maxMobsData=32, mapPlantShadows=false, alwaysMapCaves=false, checkUpdates=true, browserPoll=2000, mapBlendFoliage=true, mappingEnabled=true, colorPlayer=#ffffff, tileHighDisplayQuality=true, cacheVillagersData=2200, logLevel=INFO, maxVillagersData=32, maxAnimalsData=32, mapTransparency=true, tileRenderType=1, caveIgnoreGlass=true, mapTopography=true, renderDistanceCaveMax=3, mapAntialiasing=true, colorSelf=#0000ff, cachePlayersData=2000, cacheMobsData=3000, cachePlayerData=1000, splashViewed=5.5.5, colorHostile=#ff0000, cacheAnimalsData=3100, themeName=OceanMonument, mapCaveLighting=true, renderDelay=2, renderOverlayPreEvent=true, autoMapPoll=2000}
[19:11:39] [main/INFO] [ClientAPI] [ClientAPI] built with JourneyMap API 1.4
[19:11:39] [main/INFO] [PluginHelper] Initializing plugins with Client API: journeymap.client.api.impl.ClientAPI
[19:11:39] [main/INFO] [JourneymapClient] initialize EXIT, elapsed count 0 avg ?ms
[19:11:53] [main/INFO] [IconSetFileHandler] Added entity icons from journeymap:icon/entity. Success: false
[19:11:53] [main/INFO] [ThemeLoader] Preloaded theme textures: 72
[19:11:55] [JM-VersionCheck-1/INFO] [VersionCheck$1] Newer version online: JourneyMap 5.5.7.jar for Minecraft 1.12.2 on http://minecraft.curseforge.com/projects/journeymap/files/2866097
[19:14:06] [main/INFO] [WaypointStore] Loaded 1 waypoints from F:\MinecraftServers\client\.minecraft\journeymap\data\mp\yindaheng98~site\waypoints
[19:14:06] [main/INFO] [JourneymapClient] Mapping started in F:\MinecraftServers\client\.minecraft\journeymap\data\mp\yindaheng98~site\DIM0. Memory: 6144MB total, 3363MB free 
[19:14:06] [main/INFO] [ChatLog] JourneyMap: 按下[J]键
[19:14:10] [main/INFO] [ModBlockDelegate] Custom modded block handling enabled for biomesoplenty
[19:14:13] [main/INFO] [JourneymapClient] Mapping halted in F:\MinecraftServers\client\.minecraft\journeymap\data\mp\yindaheng98~site\DIM0
[19:15:04] [main/INFO] [WaypointStore] Loaded 1 waypoints from F:\MinecraftServers\client\.minecraft\journeymap\data\mp\yindaheng98~site\waypoints
[19:15:04] [main/INFO] [JourneymapClient] Mapping started in F:\MinecraftServers\client\.minecraft\journeymap\data\mp\yindaheng98~site\DIM0. Memory: 6144MB total, 3232MB free 
[19:24:10] [main/INFO] [StateTickHandler] yinn died at BlockPos{x=-190, y=71, z=190}. Deathpoints enabled: true. Deathpoint created: true
[20:12:12] [main/WARN] [StatTimer] TileDrawStep.updateRegionTexture was slow: 76.6037 (Warning limit reached)
[20:12:12] [main/WARN] [StatTimer] TileDrawStep.updateRegionTexture: Avg:     0.01ms, Min:        0ms, Max:      262.8ms, Total:          5 sec, Count:   454622, Canceled:        0, Slow:       10
[20:12:48] [main/ERROR] [JMLogger] Can't get entityTexture for class net.tslat.aoa3.entity.mobs.overworld.EntityShadow via class net.tslat.aoa3.client.render.entities.mobs.overworld.ShadowRenderer (SUPPRESSED)
[20:23:06] [main/INFO] [StateTickHandler] yinn died at BlockPos{x=-191, y=71, z=196}. Deathpoints enabled: true. Deathpoint created: true
[20:23:27] [main/INFO] [StateTickHandler] yinn died at BlockPos{x=-190, y=71, z=192}. Deathpoints enabled: true. Deathpoint created: true
[20:25:30] [main/INFO] [StateTickHandler] yinn died at BlockPos{x=-190, y=71, z=196}. Deathpoints enabled: true. Deathpoint created: true
[20:29:47] [main/INFO] [StateTickHandler] yinn died at BlockPos{x=-191, y=71, z=189}. Deathpoints enabled: true. Deathpoint created: true
[20:30:46] [main/INFO] [StateTickHandler] yinn died at BlockPos{x=-194, y=71, z=193}. Deathpoints enabled: true. Deathpoint created: true
[20:41:23] [main/INFO] [StateTickHandler] yinn died at BlockPos{x=-190, y=71, z=195}. Deathpoints enabled: true. Deathpoint created: true
[20:41:45] [main/INFO] [StateTickHandler] yinn died at BlockPos{x=-187, y=71, z=195}. Deathpoints enabled: true. Deathpoint created: true
[20:42:47] [main/INFO] [StateTickHandler] yinn died at BlockPos{x=-198, y=71, z=198}. Deathpoints enabled: true. Deathpoint created: true
[20:43:34] [main/INFO] [StateTickHandler] yinn died at BlockPos{x=-189, y=71, z=192}. Deathpoints enabled: true. Deathpoint created: true
[21:20:41] [main/INFO] [StatTimer] TileDrawStep.updateRegionTexture hit max count, 1000000
[21:21:28] [main/INFO] [StatTimer] TileDrawStep.draw(low) hit max count, 1000000
[23:00:10] [main/INFO] [JourneymapClient] Mapping halted in F:\MinecraftServers\client\.minecraft\journeymap\data\mp\yindaheng98~site\DIM0
