[19:14:30] [main/INFO] [JMLogger] JourneyMap log initialized.
[19:14:30] [main/INFO] [JourneymapClient] initialize ENTER
[19:14:30] [main/ERROR] [JMLogger] Default theme not found in F:\Minecraft1.12.2_jdzh - 纯净副本\.minecraft\journeymap\icon\theme\victorian_\Victorian.theme2.json: Victorian (SUPPRESSED)
[19:14:30] [Client thread/INFO] [?] Version: JourneyMap 1.12.2-5.5.0rc1, built with Forge 14.23.0.2487
Forge: 14.23.4.2705
Environment: os.name, os.arch, java.version, user.country, user.language=null, game language=zh_cn, locale=zh_cn
Unlimited Features: 
	RadarPlayers : singleplayer = true , multiplayer = true
	RadarAnimals : singleplayer = true , multiplayer = true
	RadarMobs : singleplayer = true , multiplayer = true
	RadarVillagers : singleplayer = true , multiplayer = true
	MapSurface : singleplayer = true , multiplayer = true
	MapCaves : singleplayer = true , multiplayer = true
MiniMapProperties{state=Valid, file=journeymap.minimap.config, configVersion=5.5.0rc1, zoomLevel=0, showPlayers=true, frameAlpha=100, compassFontScale=2, terrainAlpha=100, showEntityNames=true, enabled=true, showPlayerHeading=true, showVillagers=true, info2Label=Game Time, sizePercent=30, showDayNight=true, info3Label=Location, showMobs=true, showPets=true, preferredMapType=night, showCompass=true, mobDisplay=Small Dots, showReticle=true, orientation=North, shape=圆形, showSelf=true, info4Label=Biome, locationFormat=xzyv, playerDisplay=Small Dots, showGrid=true, reticleOrientation=罗盘模式, showWaypoints=true, showCaves=true, showAnimals=true, showMobHeading=true, showWaypointLabels=true, locationFormatVerbose=true, position=屏幕右上, info1Label=Blank, fontScale=2}
MiniMapProperties{state=Valid, file=journeymap.minimap2.config, configVersion=5.5.0rc1, zoomLevel=0, showPlayers=true, frameAlpha=100, compassFontScale=2, terrainAlpha=100, showEntityNames=true, enabled=true, showPlayerHeading=true, showVillagers=true, info2Label=Game Time, sizePercent=30, showDayNight=true, info3Label=Location, showMobs=true, showPets=true, preferredMapType=day, showCompass=true, mobDisplay=Small Dots, showReticle=true, orientation=North, shape=矩形, showSelf=true, info4Label=Biome, locationFormat=xzyv, playerDisplay=Small Dots, showGrid=true, reticleOrientation=罗盘模式, showWaypoints=true, showCaves=true, showAnimals=true, showMobHeading=true, showWaypointLabels=true, locationFormatVerbose=true, position=屏幕右上, info1Label=Blank, fontScale=2}
FullMapProperties{state=Valid, file=journeymap.fullmap.config, configVersion=5.5.0rc1, mobDisplay=Small Dots, zoomLevel=0, showPlayers=true, showSelf=true, locationFormat=xzyv, playerDisplay=Small Dots, showGrid=true, showEntityNames=true, showPlayerHeading=true, showVillagers=true, showWaypoints=true, showCaves=true, showAnimals=true, showMobHeading=true, showKeys=true, showWaypointLabels=true, locationFormatVerbose=true, showMobs=true, showPets=true, fontScale=2, preferredMapType=day}
WaypointProperties{state=Valid, file=journeymap.waypoint.config, configVersion=5.5.0rc1, createDeathpoints=true, showName=true, maxDistance=0, autoHideLabel=true, showStaticBeam=true, minDistance=4, boldLabel=false, textureSmall=true, showDistance=true, showRotatingBeam=true, fontScale=2, showTexture=true, managerEnabled=true, beaconEnabled=true}
WebMapProperties{state=Valid, file=journeymap.webmap.config, configVersion=5.5.0rc1, zoomLevel=0, showWaypoints=true, showCaves=true, showSelf=true, port=8080, showGrid=true, showEntityNames=true, enabled=false, googleMapApiDomain=.com, preferredMapType=day}
CoreProperties{state=Valid, file=journeymap.core.config, configVersion=5.5.0rc1, verboseColorPalette=false, maxPlayersData=32, mapSurfaceAboveCaves=true, optionsManagerViewed=5.4, announceMod=true, colorPassive=#bbbbbb, renderOverlayEventTypeName=ALL, mapBlendWater=false, renderDistanceSurfaceMax=6, radarVerticalDistance=16, mapBlendGrass=true, recordCacheStats=false, hideSneakingEntities=true, revealShape=圆形, alwaysMapSurface=false, colorVillager=#88e188, mapPlants=false, colorPet=#0077ff, radarLateralDistance=64, mapBathymetry=false, mapCrops=true, maxMobsData=32, mapPlantShadows=false, alwaysMapCaves=false, checkUpdates=true, browserPoll=2000, mapBlendFoliage=true, mappingEnabled=true, colorPlayer=#ffffff, tileHighDisplayQuality=true, cacheVillagersData=2200, logLevel=INFO, maxVillagersData=32, maxAnimalsData=32, mapTransparency=true, tileRenderType=1, caveIgnoreGlass=true, mapTopography=true, renderDistanceCaveMax=3, mapAntialiasing=true, colorSelf=#0000ff, cachePlayersData=2000, cacheMobsData=3000, cachePlayerData=1000, splashViewed=5.5.0rc1, colorHostile=#ff0000, cacheAnimalsData=3100, themeName=OceanMonument, mapCaveLighting=true, renderDelay=2, renderOverlayPreEvent=true, autoMapPoll=2000}
[19:14:30] [main/INFO] [ClientAPI] [ClientAPI] built with JourneyMap API 1.4
[19:14:30] [main/INFO] [PluginHelper] Initializing plugins with Client API: journeymap.client.api.impl.ClientAPI
[19:14:30] [main/INFO] [JourneymapClient] initialize EXIT, elapsed count 0 avg ?ms
[19:14:30] [main/ERROR] [FileHandler] Couldn't locate icons for Default: F:\Minecraft1.12.2_jdzh%20-%20纯净副本\.minecraft\mods\journeymap-1.12.2-5.5.0rc1.jar\assets\journeymap\icon\entity
[19:14:30] [main/INFO] [IconSetFileHandler] Added entity icons from journeymap:icon/entity. Success: false
[19:14:30] [main/ERROR] [FileHandler] Couldn't locate icons for flat: F:\Minecraft1.12.2_jdzh%20-%20纯净副本\.minecraft\mods\journeymap-1.12.2-5.5.0rc1.jar\assets\journeymap\theme\flat
[19:14:30] [main/INFO] [ThemeLoader] Preloaded theme textures: 71
[19:14:31] [JM-VersionCheck-1/ERROR] [VersionCheck$1] Could not check version URL
com.google.gson.JsonSyntaxException: com.google.gson.stream.MalformedJsonException: Use JsonReader.setLenient(true) to accept malformed JSON at line 2 column 2 path $
	at com.google.gson.JsonParser.parse(JsonParser.java:65) ~[JsonParser.class:?]
	at com.google.gson.JsonParser.parse(JsonParser.java:45) ~[JsonParser.class:?]
	at journeymap.common.version.VersionCheck$1.run(VersionCheck.java:134) [VersionCheck$1.class:1.12.2-5.5.0rc1]
	at java.util.concurrent.Executors$RunnableAdapter.call(Executors.java:511) [?:1.8.0_171]
	at java.util.concurrent.FutureTask.run(FutureTask.java:266) [?:1.8.0_171]
	at java.util.concurrent.ThreadPoolExecutor.runWorker(ThreadPoolExecutor.java:1149) [?:1.8.0_171]
	at java.util.concurrent.ThreadPoolExecutor$Worker.run(ThreadPoolExecutor.java:624) [?:1.8.0_171]
	at java.lang.Thread.run(Thread.java:748) [?:1.8.0_171]
Caused by: com.google.gson.stream.MalformedJsonException: Use JsonReader.setLenient(true) to accept malformed JSON at line 2 column 2 path $
	at com.google.gson.stream.JsonReader.syntaxError(JsonReader.java:1559) ~[JsonReader.class:?]
	at com.google.gson.stream.JsonReader.checkLenient(JsonReader.java:1401) ~[JsonReader.class:?]
	at com.google.gson.stream.JsonReader.doPeek(JsonReader.java:542) ~[JsonReader.class:?]
	at com.google.gson.stream.JsonReader.peek(JsonReader.java:425) ~[JsonReader.class:?]
	at com.google.gson.JsonParser.parse(JsonParser.java:60) ~[JsonParser.class:?]
	... 7 more
[19:14:41] [main/INFO] [TopoRenderer] Loading journeymap.topo.config
[19:14:41] [main/INFO] [WaypointStore] Loaded 0 waypoints from F:\Minecraft1.12.2_jdzh - 纯净副本\.minecraft\journeymap\data\mp\Minecraft~local\waypoints
[19:14:41] [main/INFO] [JourneymapClient] Mapping started in F:\Minecraft1.12.2_jdzh - 纯净副本\.minecraft\journeymap\data\mp\Minecraft~local\DIM0. Memory: 1520MB total, 1140MB free 
[19:14:41] [main/INFO] [ChatLog] JourneyMap: 按下[J]键
[19:15:57] [main/INFO] [JourneymapClient] Mapping halted in F:\Minecraft1.12.2_jdzh - 纯净副本\.minecraft\journeymap\data\mp\Minecraft~local\DIM0
[19:22:36] [main/INFO] [TopoRenderer] Loading journeymap.topo.config
[19:22:36] [main/INFO] [WaypointStore] Loaded 0 waypoints from F:\Minecraft1.12.2_jdzh - 纯净副本\.minecraft\journeymap\data\mp\Minecraft~local\waypoints
[19:22:36] [main/INFO] [JourneymapClient] Mapping started in F:\Minecraft1.12.2_jdzh - 纯净副本\.minecraft\journeymap\data\mp\Minecraft~local\DIM0. Memory: 880MB total, 493MB free 
[19:37:18] [main/INFO] [JourneymapClient] Mapping halted in F:\Minecraft1.12.2_jdzh - 纯净副本\.minecraft\journeymap\data\mp\Minecraft~local\DIM0
